ARM GAS  /var/folders/bp/hbn4m0qx5z54srgsq53w67zh0000gr/T//ccnovCTz.s 			page 1


   1              		.cpu cortex-m4
   2              		.eabi_attribute 27, 1
   3              		.eabi_attribute 28, 1
   4              		.eabi_attribute 20, 1
   5              		.eabi_attribute 21, 1
   6              		.eabi_attribute 23, 3
   7              		.eabi_attribute 24, 1
   8              		.eabi_attribute 25, 1
   9              		.eabi_attribute 26, 1
  10              		.eabi_attribute 30, 1
  11              		.eabi_attribute 34, 1
  12              		.eabi_attribute 18, 4
  13              		.file	"gpio.c"
  14              		.text
  15              	.Ltext0:
  16              		.cfi_sections	.debug_frame
  17              		.section	.text.MX_GPIO_Init,"ax",%progbits
  18              		.align	1
  19              		.global	MX_GPIO_Init
  20              		.arch armv7e-m
  21              		.syntax unified
  22              		.thumb
  23              		.thumb_func
  24              		.fpu fpv4-sp-d16
  26              	MX_GPIO_Init:
  27              	.LFB123:
  28              		.file 1 "Core/Src/gpio.c"
   1:Core/Src/gpio.c **** /* USER CODE BEGIN Header */
   2:Core/Src/gpio.c **** /**
   3:Core/Src/gpio.c ****   ******************************************************************************
   4:Core/Src/gpio.c ****   * @file    gpio.c
   5:Core/Src/gpio.c ****   * @brief   This file provides code for the configuration
   6:Core/Src/gpio.c ****   *          of all used GPIO pins.
   7:Core/Src/gpio.c ****   ******************************************************************************
   8:Core/Src/gpio.c ****   * @attention
   9:Core/Src/gpio.c ****   *
  10:Core/Src/gpio.c ****   * Copyright (c) 2023 STMicroelectronics.
  11:Core/Src/gpio.c ****   * All rights reserved.
  12:Core/Src/gpio.c ****   *
  13:Core/Src/gpio.c ****   * This software is licensed under terms that can be found in the LICENSE file
  14:Core/Src/gpio.c ****   * in the root directory of this software component.
  15:Core/Src/gpio.c ****   * If no LICENSE file comes with this software, it is provided AS-IS.
  16:Core/Src/gpio.c ****   *
  17:Core/Src/gpio.c ****   ******************************************************************************
  18:Core/Src/gpio.c ****   */
  19:Core/Src/gpio.c **** /* USER CODE END Header */
  20:Core/Src/gpio.c **** 
  21:Core/Src/gpio.c **** /* Includes ------------------------------------------------------------------*/
  22:Core/Src/gpio.c **** #include "gpio.h"
  23:Core/Src/gpio.c **** 
  24:Core/Src/gpio.c **** /* USER CODE BEGIN 0 */
  25:Core/Src/gpio.c **** 
  26:Core/Src/gpio.c **** /* USER CODE END 0 */
  27:Core/Src/gpio.c **** 
  28:Core/Src/gpio.c **** /*----------------------------------------------------------------------------*/
  29:Core/Src/gpio.c **** /* Configure GPIO                                                             */
  30:Core/Src/gpio.c **** /*----------------------------------------------------------------------------*/
ARM GAS  /var/folders/bp/hbn4m0qx5z54srgsq53w67zh0000gr/T//ccnovCTz.s 			page 2


  31:Core/Src/gpio.c **** /* USER CODE BEGIN 1 */
  32:Core/Src/gpio.c **** 
  33:Core/Src/gpio.c **** /* USER CODE END 1 */
  34:Core/Src/gpio.c **** 
  35:Core/Src/gpio.c **** /** Configure pins
  36:Core/Src/gpio.c ****      PA0   ------> S_TIM2_CH1_ETR
  37:Core/Src/gpio.c **** */
  38:Core/Src/gpio.c **** void MX_GPIO_Init(void)
  39:Core/Src/gpio.c **** {
  29              		.loc 1 39 1 view -0
  30              		.cfi_startproc
  31              		@ args = 0, pretend = 0, frame = 32
  32              		@ frame_needed = 0, uses_anonymous_args = 0
  33 0000 F0B5     		push	{r4, r5, r6, r7, lr}
  34              	.LCFI0:
  35              		.cfi_def_cfa_offset 20
  36              		.cfi_offset 4, -20
  37              		.cfi_offset 5, -16
  38              		.cfi_offset 6, -12
  39              		.cfi_offset 7, -8
  40              		.cfi_offset 14, -4
  41 0002 89B0     		sub	sp, sp, #36
  42              	.LCFI1:
  43              		.cfi_def_cfa_offset 56
  40:Core/Src/gpio.c **** 
  41:Core/Src/gpio.c ****   GPIO_InitTypeDef GPIO_InitStruct = {0};
  44              		.loc 1 41 3 view .LVU1
  45              		.loc 1 41 20 is_stmt 0 view .LVU2
  46 0004 0024     		movs	r4, #0
  47 0006 0394     		str	r4, [sp, #12]
  48 0008 0494     		str	r4, [sp, #16]
  49 000a 0594     		str	r4, [sp, #20]
  50 000c 0694     		str	r4, [sp, #24]
  51 000e 0794     		str	r4, [sp, #28]
  42:Core/Src/gpio.c **** 
  43:Core/Src/gpio.c ****   /* GPIO Ports Clock Enable */
  44:Core/Src/gpio.c ****   __HAL_RCC_GPIOA_CLK_ENABLE();
  52              		.loc 1 44 3 is_stmt 1 view .LVU3
  53              	.LBB2:
  54              		.loc 1 44 3 view .LVU4
  55              		.loc 1 44 3 view .LVU5
  56 0010 234B     		ldr	r3, .L3
  57 0012 5A69     		ldr	r2, [r3, #20]
  58 0014 42F40032 		orr	r2, r2, #131072
  59 0018 5A61     		str	r2, [r3, #20]
  60              		.loc 1 44 3 view .LVU6
  61 001a 5A69     		ldr	r2, [r3, #20]
  62 001c 02F40032 		and	r2, r2, #131072
  63 0020 0192     		str	r2, [sp, #4]
  64              		.loc 1 44 3 view .LVU7
  65 0022 019A     		ldr	r2, [sp, #4]
  66              	.LBE2:
  67              		.loc 1 44 3 view .LVU8
  45:Core/Src/gpio.c ****   __HAL_RCC_GPIOB_CLK_ENABLE();
  68              		.loc 1 45 3 view .LVU9
  69              	.LBB3:
  70              		.loc 1 45 3 view .LVU10
ARM GAS  /var/folders/bp/hbn4m0qx5z54srgsq53w67zh0000gr/T//ccnovCTz.s 			page 3


  71              		.loc 1 45 3 view .LVU11
  72 0024 5A69     		ldr	r2, [r3, #20]
  73 0026 42F48022 		orr	r2, r2, #262144
  74 002a 5A61     		str	r2, [r3, #20]
  75              		.loc 1 45 3 view .LVU12
  76 002c 5B69     		ldr	r3, [r3, #20]
  77 002e 03F48023 		and	r3, r3, #262144
  78 0032 0293     		str	r3, [sp, #8]
  79              		.loc 1 45 3 view .LVU13
  80 0034 029B     		ldr	r3, [sp, #8]
  81              	.LBE3:
  82              		.loc 1 45 3 view .LVU14
  46:Core/Src/gpio.c **** 
  47:Core/Src/gpio.c ****   /*Configure GPIO pin Output Level */
  48:Core/Src/gpio.c ****   HAL_GPIO_WritePin(HC_TRIG_GPIO_Port, HC_TRIG_Pin, GPIO_PIN_RESET);
  83              		.loc 1 48 3 view .LVU15
  84 0036 2246     		mov	r2, r4
  85 0038 0221     		movs	r1, #2
  86 003a 4FF09040 		mov	r0, #1207959552
  87 003e FFF7FEFF 		bl	HAL_GPIO_WritePin
  88              	.LVL0:
  49:Core/Src/gpio.c **** 
  50:Core/Src/gpio.c ****   /*Configure GPIO pin Output Level */
  51:Core/Src/gpio.c ****   HAL_GPIO_WritePin(LED_GPIO_Port, LED_Pin, GPIO_PIN_RESET);
  89              		.loc 1 51 3 view .LVU16
  90 0042 184E     		ldr	r6, .L3+4
  91 0044 2246     		mov	r2, r4
  92 0046 0821     		movs	r1, #8
  93 0048 3046     		mov	r0, r6
  94 004a FFF7FEFF 		bl	HAL_GPIO_WritePin
  95              	.LVL1:
  52:Core/Src/gpio.c **** 
  53:Core/Src/gpio.c ****   /*Configure GPIO pin : PA0 */
  54:Core/Src/gpio.c ****   GPIO_InitStruct.Pin = GPIO_PIN_0;
  96              		.loc 1 54 3 view .LVU17
  97              		.loc 1 54 23 is_stmt 0 view .LVU18
  98 004e 0125     		movs	r5, #1
  99 0050 0395     		str	r5, [sp, #12]
  55:Core/Src/gpio.c ****   GPIO_InitStruct.Mode = GPIO_MODE_AF_PP;
 100              		.loc 1 55 3 is_stmt 1 view .LVU19
 101              		.loc 1 55 24 is_stmt 0 view .LVU20
 102 0052 0227     		movs	r7, #2
 103 0054 0497     		str	r7, [sp, #16]
  56:Core/Src/gpio.c ****   GPIO_InitStruct.Pull = GPIO_NOPULL;
 104              		.loc 1 56 3 is_stmt 1 view .LVU21
 105              		.loc 1 56 24 is_stmt 0 view .LVU22
 106 0056 0594     		str	r4, [sp, #20]
  57:Core/Src/gpio.c ****   GPIO_InitStruct.Speed = GPIO_SPEED_FREQ_LOW;
 107              		.loc 1 57 3 is_stmt 1 view .LVU23
 108              		.loc 1 57 25 is_stmt 0 view .LVU24
 109 0058 0694     		str	r4, [sp, #24]
  58:Core/Src/gpio.c ****   GPIO_InitStruct.Alternate = GPIO_AF1_TIM2;
 110              		.loc 1 58 3 is_stmt 1 view .LVU25
 111              		.loc 1 58 29 is_stmt 0 view .LVU26
 112 005a 0795     		str	r5, [sp, #28]
  59:Core/Src/gpio.c ****   HAL_GPIO_Init(GPIOA, &GPIO_InitStruct);
 113              		.loc 1 59 3 is_stmt 1 view .LVU27
ARM GAS  /var/folders/bp/hbn4m0qx5z54srgsq53w67zh0000gr/T//ccnovCTz.s 			page 4


 114 005c 03A9     		add	r1, sp, #12
 115 005e 4FF09040 		mov	r0, #1207959552
 116 0062 FFF7FEFF 		bl	HAL_GPIO_Init
 117              	.LVL2:
  60:Core/Src/gpio.c **** 
  61:Core/Src/gpio.c ****   /*Configure GPIO pin : PtPin */
  62:Core/Src/gpio.c ****   GPIO_InitStruct.Pin = HC_TRIG_Pin;
 118              		.loc 1 62 3 view .LVU28
 119              		.loc 1 62 23 is_stmt 0 view .LVU29
 120 0066 0397     		str	r7, [sp, #12]
  63:Core/Src/gpio.c ****   GPIO_InitStruct.Mode = GPIO_MODE_OUTPUT_PP;
 121              		.loc 1 63 3 is_stmt 1 view .LVU30
 122              		.loc 1 63 24 is_stmt 0 view .LVU31
 123 0068 0495     		str	r5, [sp, #16]
  64:Core/Src/gpio.c ****   GPIO_InitStruct.Pull = GPIO_NOPULL;
 124              		.loc 1 64 3 is_stmt 1 view .LVU32
 125              		.loc 1 64 24 is_stmt 0 view .LVU33
 126 006a 0594     		str	r4, [sp, #20]
  65:Core/Src/gpio.c ****   GPIO_InitStruct.Speed = GPIO_SPEED_FREQ_LOW;
 127              		.loc 1 65 3 is_stmt 1 view .LVU34
 128              		.loc 1 65 25 is_stmt 0 view .LVU35
 129 006c 0694     		str	r4, [sp, #24]
  66:Core/Src/gpio.c ****   HAL_GPIO_Init(HC_TRIG_GPIO_Port, &GPIO_InitStruct);
 130              		.loc 1 66 3 is_stmt 1 view .LVU36
 131 006e 03A9     		add	r1, sp, #12
 132 0070 4FF09040 		mov	r0, #1207959552
 133 0074 FFF7FEFF 		bl	HAL_GPIO_Init
 134              	.LVL3:
  67:Core/Src/gpio.c **** 
  68:Core/Src/gpio.c ****   /*Configure GPIO pin : PtPin */
  69:Core/Src/gpio.c ****   GPIO_InitStruct.Pin = HC_ECHO_Pin;
 135              		.loc 1 69 3 view .LVU37
 136              		.loc 1 69 23 is_stmt 0 view .LVU38
 137 0078 0423     		movs	r3, #4
 138 007a 0393     		str	r3, [sp, #12]
  70:Core/Src/gpio.c ****   GPIO_InitStruct.Mode = GPIO_MODE_INPUT;
 139              		.loc 1 70 3 is_stmt 1 view .LVU39
 140              		.loc 1 70 24 is_stmt 0 view .LVU40
 141 007c 0494     		str	r4, [sp, #16]
  71:Core/Src/gpio.c ****   GPIO_InitStruct.Pull = GPIO_NOPULL;
 142              		.loc 1 71 3 is_stmt 1 view .LVU41
 143              		.loc 1 71 24 is_stmt 0 view .LVU42
 144 007e 0594     		str	r4, [sp, #20]
  72:Core/Src/gpio.c ****   HAL_GPIO_Init(HC_ECHO_GPIO_Port, &GPIO_InitStruct);
 145              		.loc 1 72 3 is_stmt 1 view .LVU43
 146 0080 03A9     		add	r1, sp, #12
 147 0082 4FF09040 		mov	r0, #1207959552
 148 0086 FFF7FEFF 		bl	HAL_GPIO_Init
 149              	.LVL4:
  73:Core/Src/gpio.c **** 
  74:Core/Src/gpio.c ****   /*Configure GPIO pin : PtPin */
  75:Core/Src/gpio.c ****   GPIO_InitStruct.Pin = LED_Pin;
 150              		.loc 1 75 3 view .LVU44
 151              		.loc 1 75 23 is_stmt 0 view .LVU45
 152 008a 0823     		movs	r3, #8
 153 008c 0393     		str	r3, [sp, #12]
  76:Core/Src/gpio.c ****   GPIO_InitStruct.Mode = GPIO_MODE_OUTPUT_PP;
ARM GAS  /var/folders/bp/hbn4m0qx5z54srgsq53w67zh0000gr/T//ccnovCTz.s 			page 5


 154              		.loc 1 76 3 is_stmt 1 view .LVU46
 155              		.loc 1 76 24 is_stmt 0 view .LVU47
 156 008e 0495     		str	r5, [sp, #16]
  77:Core/Src/gpio.c ****   GPIO_InitStruct.Pull = GPIO_NOPULL;
 157              		.loc 1 77 3 is_stmt 1 view .LVU48
 158              		.loc 1 77 24 is_stmt 0 view .LVU49
 159 0090 0594     		str	r4, [sp, #20]
  78:Core/Src/gpio.c ****   GPIO_InitStruct.Speed = GPIO_SPEED_FREQ_LOW;
 160              		.loc 1 78 3 is_stmt 1 view .LVU50
 161              		.loc 1 78 25 is_stmt 0 view .LVU51
 162 0092 0694     		str	r4, [sp, #24]
  79:Core/Src/gpio.c ****   HAL_GPIO_Init(LED_GPIO_Port, &GPIO_InitStruct);
 163              		.loc 1 79 3 is_stmt 1 view .LVU52
 164 0094 03A9     		add	r1, sp, #12
 165 0096 3046     		mov	r0, r6
 166 0098 FFF7FEFF 		bl	HAL_GPIO_Init
 167              	.LVL5:
  80:Core/Src/gpio.c **** 
  81:Core/Src/gpio.c **** }
 168              		.loc 1 81 1 is_stmt 0 view .LVU53
 169 009c 09B0     		add	sp, sp, #36
 170              	.LCFI2:
 171              		.cfi_def_cfa_offset 20
 172              		@ sp needed
 173 009e F0BD     		pop	{r4, r5, r6, r7, pc}
 174              	.L4:
 175              		.align	2
 176              	.L3:
 177 00a0 00100240 		.word	1073876992
 178 00a4 00040048 		.word	1207960576
 179              		.cfi_endproc
 180              	.LFE123:
 182              		.text
 183              	.Letext0:
 184              		.file 2 "/opt/homebrew/Cellar/arm-none-eabi-gcc/10.3-2021.07/gcc/arm-none-eabi/include/machine/_de
 185              		.file 3 "/opt/homebrew/Cellar/arm-none-eabi-gcc/10.3-2021.07/gcc/arm-none-eabi/include/sys/_stdint
 186              		.file 4 "Drivers/CMSIS/Device/ST/STM32F3xx/Include/stm32f303x8.h"
 187              		.file 5 "Drivers/STM32F3xx_HAL_Driver/Inc/stm32f3xx_hal_gpio.h"
ARM GAS  /var/folders/bp/hbn4m0qx5z54srgsq53w67zh0000gr/T//ccnovCTz.s 			page 6


DEFINED SYMBOLS
                            *ABS*:0000000000000000 gpio.c
/var/folders/bp/hbn4m0qx5z54srgsq53w67zh0000gr/T//ccnovCTz.s:18     .text.MX_GPIO_Init:0000000000000000 $t
/var/folders/bp/hbn4m0qx5z54srgsq53w67zh0000gr/T//ccnovCTz.s:26     .text.MX_GPIO_Init:0000000000000000 MX_GPIO_Init
/var/folders/bp/hbn4m0qx5z54srgsq53w67zh0000gr/T//ccnovCTz.s:177    .text.MX_GPIO_Init:00000000000000a0 $d

UNDEFINED SYMBOLS
HAL_GPIO_WritePin
HAL_GPIO_Init
