ARM GAS  /var/folders/bp/hbn4m0qx5z54srgsq53w67zh0000gr/T//ccC3YEne.s 			page 1


   1              		.cpu cortex-m4
   2              		.eabi_attribute 27, 1
   3              		.eabi_attribute 28, 1
   4              		.eabi_attribute 20, 1
   5              		.eabi_attribute 21, 1
   6              		.eabi_attribute 23, 3
   7              		.eabi_attribute 24, 1
   8              		.eabi_attribute 25, 1
   9              		.eabi_attribute 26, 1
  10              		.eabi_attribute 30, 1
  11              		.eabi_attribute 34, 1
  12              		.eabi_attribute 18, 4
  13              		.file	"stm32f3xx_hal.c"
  14              		.text
  15              	.Ltext0:
  16              		.cfi_sections	.debug_frame
  17              		.section	.text.HAL_MspInit,"ax",%progbits
  18              		.align	1
  19              		.weak	HAL_MspInit
  20              		.arch armv7e-m
  21              		.syntax unified
  22              		.thumb
  23              		.thumb_func
  24              		.fpu fpv4-sp-d16
  26              	HAL_MspInit:
  27              	.LFB125:
  28              		.file 1 "Drivers/STM32F3xx_HAL_Driver/Src/stm32f3xx_hal.c"
   1:Drivers/STM32F3xx_HAL_Driver/Src/stm32f3xx_hal.c **** /**
   2:Drivers/STM32F3xx_HAL_Driver/Src/stm32f3xx_hal.c ****   ******************************************************************************
   3:Drivers/STM32F3xx_HAL_Driver/Src/stm32f3xx_hal.c ****   * @file    stm32f3xx_hal.c
   4:Drivers/STM32F3xx_HAL_Driver/Src/stm32f3xx_hal.c ****   * @author  MCD Application Team
   5:Drivers/STM32F3xx_HAL_Driver/Src/stm32f3xx_hal.c ****   * @brief   HAL module driver.
   6:Drivers/STM32F3xx_HAL_Driver/Src/stm32f3xx_hal.c ****   *          This is the common part of the HAL initialization
   7:Drivers/STM32F3xx_HAL_Driver/Src/stm32f3xx_hal.c ****   *
   8:Drivers/STM32F3xx_HAL_Driver/Src/stm32f3xx_hal.c ****   @verbatim
   9:Drivers/STM32F3xx_HAL_Driver/Src/stm32f3xx_hal.c ****   ==============================================================================
  10:Drivers/STM32F3xx_HAL_Driver/Src/stm32f3xx_hal.c ****                      ##### How to use this driver #####
  11:Drivers/STM32F3xx_HAL_Driver/Src/stm32f3xx_hal.c ****   ==============================================================================
  12:Drivers/STM32F3xx_HAL_Driver/Src/stm32f3xx_hal.c ****     [..]
  13:Drivers/STM32F3xx_HAL_Driver/Src/stm32f3xx_hal.c ****     The common HAL driver contains a set of generic and common APIs that can be
  14:Drivers/STM32F3xx_HAL_Driver/Src/stm32f3xx_hal.c ****     used by the PPP peripheral drivers and the user to start using the HAL.
  15:Drivers/STM32F3xx_HAL_Driver/Src/stm32f3xx_hal.c ****     [..]
  16:Drivers/STM32F3xx_HAL_Driver/Src/stm32f3xx_hal.c ****     The HAL contains two APIs categories:
  17:Drivers/STM32F3xx_HAL_Driver/Src/stm32f3xx_hal.c ****          (+) HAL Initialization and de-initialization functions
  18:Drivers/STM32F3xx_HAL_Driver/Src/stm32f3xx_hal.c ****          (+) HAL Control functions
  19:Drivers/STM32F3xx_HAL_Driver/Src/stm32f3xx_hal.c **** 
  20:Drivers/STM32F3xx_HAL_Driver/Src/stm32f3xx_hal.c ****   @endverbatim
  21:Drivers/STM32F3xx_HAL_Driver/Src/stm32f3xx_hal.c ****   ******************************************************************************
  22:Drivers/STM32F3xx_HAL_Driver/Src/stm32f3xx_hal.c ****   * @attention
  23:Drivers/STM32F3xx_HAL_Driver/Src/stm32f3xx_hal.c ****   *
  24:Drivers/STM32F3xx_HAL_Driver/Src/stm32f3xx_hal.c ****   * <h2><center>&copy; Copyright (c) 2016 STMicroelectronics.
  25:Drivers/STM32F3xx_HAL_Driver/Src/stm32f3xx_hal.c ****   * All rights reserved.</center></h2>
  26:Drivers/STM32F3xx_HAL_Driver/Src/stm32f3xx_hal.c ****   *
  27:Drivers/STM32F3xx_HAL_Driver/Src/stm32f3xx_hal.c ****   * This software component is licensed by ST under BSD 3-Clause license,
  28:Drivers/STM32F3xx_HAL_Driver/Src/stm32f3xx_hal.c ****   * the "License"; You may not use this file except in compliance with the
  29:Drivers/STM32F3xx_HAL_Driver/Src/stm32f3xx_hal.c ****   * License. You may obtain a copy of the License at:
  30:Drivers/STM32F3xx_HAL_Driver/Src/stm32f3xx_hal.c ****   *                        opensource.org/licenses/BSD-3-Clause
ARM GAS  /var/folders/bp/hbn4m0qx5z54srgsq53w67zh0000gr/T//ccC3YEne.s 			page 2


  31:Drivers/STM32F3xx_HAL_Driver/Src/stm32f3xx_hal.c ****   *
  32:Drivers/STM32F3xx_HAL_Driver/Src/stm32f3xx_hal.c ****   ******************************************************************************
  33:Drivers/STM32F3xx_HAL_Driver/Src/stm32f3xx_hal.c ****   */
  34:Drivers/STM32F3xx_HAL_Driver/Src/stm32f3xx_hal.c **** 
  35:Drivers/STM32F3xx_HAL_Driver/Src/stm32f3xx_hal.c **** /* Includes ------------------------------------------------------------------*/
  36:Drivers/STM32F3xx_HAL_Driver/Src/stm32f3xx_hal.c **** #include "stm32f3xx_hal.h"
  37:Drivers/STM32F3xx_HAL_Driver/Src/stm32f3xx_hal.c **** 
  38:Drivers/STM32F3xx_HAL_Driver/Src/stm32f3xx_hal.c **** /** @addtogroup STM32F3xx_HAL_Driver
  39:Drivers/STM32F3xx_HAL_Driver/Src/stm32f3xx_hal.c ****   * @{
  40:Drivers/STM32F3xx_HAL_Driver/Src/stm32f3xx_hal.c ****   */
  41:Drivers/STM32F3xx_HAL_Driver/Src/stm32f3xx_hal.c **** 
  42:Drivers/STM32F3xx_HAL_Driver/Src/stm32f3xx_hal.c **** /** @defgroup HAL HAL
  43:Drivers/STM32F3xx_HAL_Driver/Src/stm32f3xx_hal.c ****   * @brief HAL module driver.
  44:Drivers/STM32F3xx_HAL_Driver/Src/stm32f3xx_hal.c ****   * @{
  45:Drivers/STM32F3xx_HAL_Driver/Src/stm32f3xx_hal.c ****   */
  46:Drivers/STM32F3xx_HAL_Driver/Src/stm32f3xx_hal.c **** 
  47:Drivers/STM32F3xx_HAL_Driver/Src/stm32f3xx_hal.c **** #ifdef HAL_MODULE_ENABLED
  48:Drivers/STM32F3xx_HAL_Driver/Src/stm32f3xx_hal.c **** 
  49:Drivers/STM32F3xx_HAL_Driver/Src/stm32f3xx_hal.c **** /* Private typedef -----------------------------------------------------------*/
  50:Drivers/STM32F3xx_HAL_Driver/Src/stm32f3xx_hal.c **** /* Private define ------------------------------------------------------------*/
  51:Drivers/STM32F3xx_HAL_Driver/Src/stm32f3xx_hal.c **** /** @defgroup HAL_Private Constants
  52:Drivers/STM32F3xx_HAL_Driver/Src/stm32f3xx_hal.c ****   * @{
  53:Drivers/STM32F3xx_HAL_Driver/Src/stm32f3xx_hal.c ****   */
  54:Drivers/STM32F3xx_HAL_Driver/Src/stm32f3xx_hal.c **** /**
  55:Drivers/STM32F3xx_HAL_Driver/Src/stm32f3xx_hal.c ****  * @brief STM32F3xx HAL Driver version number V1.5.6
  56:Drivers/STM32F3xx_HAL_Driver/Src/stm32f3xx_hal.c ****    */
  57:Drivers/STM32F3xx_HAL_Driver/Src/stm32f3xx_hal.c **** #define __STM32F3xx_HAL_VERSION_MAIN   (0x01U) /*!< [31:24] main version */
  58:Drivers/STM32F3xx_HAL_Driver/Src/stm32f3xx_hal.c **** #define __STM32F3xx_HAL_VERSION_SUB1   (0x05U) /*!< [23:16] sub1 version */
  59:Drivers/STM32F3xx_HAL_Driver/Src/stm32f3xx_hal.c **** #define __STM32F3xx_HAL_VERSION_SUB2   (0x06U) /*!< [15:8]  sub2 version */
  60:Drivers/STM32F3xx_HAL_Driver/Src/stm32f3xx_hal.c **** #define __STM32F3xx_HAL_VERSION_RC     (0x00U) /*!< [7:0]  release candidate */
  61:Drivers/STM32F3xx_HAL_Driver/Src/stm32f3xx_hal.c **** #define __STM32F3xx_HAL_VERSION         ((__STM32F3xx_HAL_VERSION_MAIN << 24U)\
  62:Drivers/STM32F3xx_HAL_Driver/Src/stm32f3xx_hal.c ****                                         |(__STM32F3xx_HAL_VERSION_SUB1 << 16U)\
  63:Drivers/STM32F3xx_HAL_Driver/Src/stm32f3xx_hal.c ****                                         |(__STM32F3xx_HAL_VERSION_SUB2 << 8U )\
  64:Drivers/STM32F3xx_HAL_Driver/Src/stm32f3xx_hal.c ****                                         |(__STM32F3xx_HAL_VERSION_RC))
  65:Drivers/STM32F3xx_HAL_Driver/Src/stm32f3xx_hal.c **** 
  66:Drivers/STM32F3xx_HAL_Driver/Src/stm32f3xx_hal.c **** #define IDCODE_DEVID_MASK    (0x00000FFFU)
  67:Drivers/STM32F3xx_HAL_Driver/Src/stm32f3xx_hal.c **** /**
  68:Drivers/STM32F3xx_HAL_Driver/Src/stm32f3xx_hal.c ****   * @}
  69:Drivers/STM32F3xx_HAL_Driver/Src/stm32f3xx_hal.c ****   */
  70:Drivers/STM32F3xx_HAL_Driver/Src/stm32f3xx_hal.c ****   
  71:Drivers/STM32F3xx_HAL_Driver/Src/stm32f3xx_hal.c **** /* Private macro -------------------------------------------------------------*/
  72:Drivers/STM32F3xx_HAL_Driver/Src/stm32f3xx_hal.c **** /* Exported variables --------------------------------------------------------*/
  73:Drivers/STM32F3xx_HAL_Driver/Src/stm32f3xx_hal.c **** /** @defgroup HAL_Exported_Variables HAL Exported Variables
  74:Drivers/STM32F3xx_HAL_Driver/Src/stm32f3xx_hal.c ****   * @{
  75:Drivers/STM32F3xx_HAL_Driver/Src/stm32f3xx_hal.c ****   */
  76:Drivers/STM32F3xx_HAL_Driver/Src/stm32f3xx_hal.c **** __IO uint32_t uwTick;
  77:Drivers/STM32F3xx_HAL_Driver/Src/stm32f3xx_hal.c **** uint32_t uwTickPrio   = (1UL << __NVIC_PRIO_BITS); /* Invalid PRIO */
  78:Drivers/STM32F3xx_HAL_Driver/Src/stm32f3xx_hal.c **** HAL_TickFreqTypeDef uwTickFreq = HAL_TICK_FREQ_DEFAULT;  /* 1KHz */
  79:Drivers/STM32F3xx_HAL_Driver/Src/stm32f3xx_hal.c **** /**
  80:Drivers/STM32F3xx_HAL_Driver/Src/stm32f3xx_hal.c ****   * @}
  81:Drivers/STM32F3xx_HAL_Driver/Src/stm32f3xx_hal.c ****   */
  82:Drivers/STM32F3xx_HAL_Driver/Src/stm32f3xx_hal.c **** /* Private function prototypes -----------------------------------------------*/
  83:Drivers/STM32F3xx_HAL_Driver/Src/stm32f3xx_hal.c **** /* Exported functions ---------------------------------------------------------*/
  84:Drivers/STM32F3xx_HAL_Driver/Src/stm32f3xx_hal.c **** 
  85:Drivers/STM32F3xx_HAL_Driver/Src/stm32f3xx_hal.c **** /** @defgroup HAL_Exported_Functions HAL Exported Functions
  86:Drivers/STM32F3xx_HAL_Driver/Src/stm32f3xx_hal.c ****   * @{
  87:Drivers/STM32F3xx_HAL_Driver/Src/stm32f3xx_hal.c ****   */
ARM GAS  /var/folders/bp/hbn4m0qx5z54srgsq53w67zh0000gr/T//ccC3YEne.s 			page 3


  88:Drivers/STM32F3xx_HAL_Driver/Src/stm32f3xx_hal.c **** 
  89:Drivers/STM32F3xx_HAL_Driver/Src/stm32f3xx_hal.c **** /** @defgroup HAL_Exported_Functions_Group1 Initialization and de-initialization Functions 
  90:Drivers/STM32F3xx_HAL_Driver/Src/stm32f3xx_hal.c ****  *  @brief    Initialization and de-initialization functions
  91:Drivers/STM32F3xx_HAL_Driver/Src/stm32f3xx_hal.c ****  *
  92:Drivers/STM32F3xx_HAL_Driver/Src/stm32f3xx_hal.c **** @verbatim
  93:Drivers/STM32F3xx_HAL_Driver/Src/stm32f3xx_hal.c ****  ===============================================================================
  94:Drivers/STM32F3xx_HAL_Driver/Src/stm32f3xx_hal.c ****               ##### Initialization and de-initialization functions #####
  95:Drivers/STM32F3xx_HAL_Driver/Src/stm32f3xx_hal.c ****  ===============================================================================
  96:Drivers/STM32F3xx_HAL_Driver/Src/stm32f3xx_hal.c ****     [..]  This section provides functions allowing to:
  97:Drivers/STM32F3xx_HAL_Driver/Src/stm32f3xx_hal.c ****       (+) Initializes the Flash interface, the NVIC allocation and initial clock 
  98:Drivers/STM32F3xx_HAL_Driver/Src/stm32f3xx_hal.c ****           configuration. It initializes the systick also when timeout is needed
  99:Drivers/STM32F3xx_HAL_Driver/Src/stm32f3xx_hal.c ****           and the backup domain when enabled.
 100:Drivers/STM32F3xx_HAL_Driver/Src/stm32f3xx_hal.c ****       (+) de-Initializes common part of the HAL.
 101:Drivers/STM32F3xx_HAL_Driver/Src/stm32f3xx_hal.c ****       (+) Configure The time base source to have 1ms time base with a dedicated 
 102:Drivers/STM32F3xx_HAL_Driver/Src/stm32f3xx_hal.c ****           Tick interrupt priority. 
 103:Drivers/STM32F3xx_HAL_Driver/Src/stm32f3xx_hal.c ****         (++) SysTick timer is used by default as source of time base, but user 
 104:Drivers/STM32F3xx_HAL_Driver/Src/stm32f3xx_hal.c ****              can eventually implement his proper time base source (a general purpose 
 105:Drivers/STM32F3xx_HAL_Driver/Src/stm32f3xx_hal.c ****              timer for example or other time source), keeping in mind that Time base 
 106:Drivers/STM32F3xx_HAL_Driver/Src/stm32f3xx_hal.c ****              duration should be kept 1ms since PPP_TIMEOUT_VALUEs are defined and 
 107:Drivers/STM32F3xx_HAL_Driver/Src/stm32f3xx_hal.c ****              handled in milliseconds basis.
 108:Drivers/STM32F3xx_HAL_Driver/Src/stm32f3xx_hal.c ****         (++) Time base configuration function (HAL_InitTick ()) is called automatically 
 109:Drivers/STM32F3xx_HAL_Driver/Src/stm32f3xx_hal.c ****              at the beginning of the program after reset by HAL_Init() or at any time 
 110:Drivers/STM32F3xx_HAL_Driver/Src/stm32f3xx_hal.c ****              when clock is configured, by HAL_RCC_ClockConfig(). 
 111:Drivers/STM32F3xx_HAL_Driver/Src/stm32f3xx_hal.c ****         (++) Source of time base is configured  to generate interrupts at regular 
 112:Drivers/STM32F3xx_HAL_Driver/Src/stm32f3xx_hal.c ****              time intervals. Care must be taken if HAL_Delay() is called from a 
 113:Drivers/STM32F3xx_HAL_Driver/Src/stm32f3xx_hal.c ****              peripheral ISR process, the Tick interrupt line must have higher priority 
 114:Drivers/STM32F3xx_HAL_Driver/Src/stm32f3xx_hal.c ****             (numerically lower) than the peripheral interrupt. Otherwise the caller 
 115:Drivers/STM32F3xx_HAL_Driver/Src/stm32f3xx_hal.c ****             ISR process will be blocked. 
 116:Drivers/STM32F3xx_HAL_Driver/Src/stm32f3xx_hal.c ****        (++) functions affecting time base configurations are declared as __Weak  
 117:Drivers/STM32F3xx_HAL_Driver/Src/stm32f3xx_hal.c ****              to make  override possible  in case of other  implementations in user file.
 118:Drivers/STM32F3xx_HAL_Driver/Src/stm32f3xx_hal.c **** 
 119:Drivers/STM32F3xx_HAL_Driver/Src/stm32f3xx_hal.c **** @endverbatim
 120:Drivers/STM32F3xx_HAL_Driver/Src/stm32f3xx_hal.c ****   * @{
 121:Drivers/STM32F3xx_HAL_Driver/Src/stm32f3xx_hal.c ****   */
 122:Drivers/STM32F3xx_HAL_Driver/Src/stm32f3xx_hal.c **** 
 123:Drivers/STM32F3xx_HAL_Driver/Src/stm32f3xx_hal.c **** /**
 124:Drivers/STM32F3xx_HAL_Driver/Src/stm32f3xx_hal.c ****   * @brief  This function configures the Flash prefetch, 
 125:Drivers/STM32F3xx_HAL_Driver/Src/stm32f3xx_hal.c ****   *         Configures time base source, NVIC and Low level hardware
 126:Drivers/STM32F3xx_HAL_Driver/Src/stm32f3xx_hal.c ****   * @note   This function is called at the beginning of program after reset and before 
 127:Drivers/STM32F3xx_HAL_Driver/Src/stm32f3xx_hal.c ****   *         the clock configuration
 128:Drivers/STM32F3xx_HAL_Driver/Src/stm32f3xx_hal.c ****   *             
 129:Drivers/STM32F3xx_HAL_Driver/Src/stm32f3xx_hal.c ****   * @note   The Systick configuration is based on HSI clock, as HSI is the clock
 130:Drivers/STM32F3xx_HAL_Driver/Src/stm32f3xx_hal.c ****   *         used after a system Reset and the NVIC configuration is set to Priority group 4 
 131:Drivers/STM32F3xx_HAL_Driver/Src/stm32f3xx_hal.c ****   *            
 132:Drivers/STM32F3xx_HAL_Driver/Src/stm32f3xx_hal.c ****   * @note   The time base configuration is based on MSI clock when exting from Reset.
 133:Drivers/STM32F3xx_HAL_Driver/Src/stm32f3xx_hal.c ****   *         Once done, time base tick start incrementing.
 134:Drivers/STM32F3xx_HAL_Driver/Src/stm32f3xx_hal.c ****   *         In the default implementation,Systick is used as source of time base.
 135:Drivers/STM32F3xx_HAL_Driver/Src/stm32f3xx_hal.c ****   *       The tick variable is incremented each 1ms in its ISR.
 136:Drivers/STM32F3xx_HAL_Driver/Src/stm32f3xx_hal.c ****   * @retval HAL status
 137:Drivers/STM32F3xx_HAL_Driver/Src/stm32f3xx_hal.c ****   */
 138:Drivers/STM32F3xx_HAL_Driver/Src/stm32f3xx_hal.c **** HAL_StatusTypeDef HAL_Init(void)
 139:Drivers/STM32F3xx_HAL_Driver/Src/stm32f3xx_hal.c **** {
 140:Drivers/STM32F3xx_HAL_Driver/Src/stm32f3xx_hal.c ****   /* Configure Flash prefetch */
 141:Drivers/STM32F3xx_HAL_Driver/Src/stm32f3xx_hal.c **** #if (PREFETCH_ENABLE != 0U)
 142:Drivers/STM32F3xx_HAL_Driver/Src/stm32f3xx_hal.c ****   __HAL_FLASH_PREFETCH_BUFFER_ENABLE();
 143:Drivers/STM32F3xx_HAL_Driver/Src/stm32f3xx_hal.c **** #endif /* PREFETCH_ENABLE */
 144:Drivers/STM32F3xx_HAL_Driver/Src/stm32f3xx_hal.c **** 
ARM GAS  /var/folders/bp/hbn4m0qx5z54srgsq53w67zh0000gr/T//ccC3YEne.s 			page 4


 145:Drivers/STM32F3xx_HAL_Driver/Src/stm32f3xx_hal.c ****   /* Set Interrupt Group Priority */
 146:Drivers/STM32F3xx_HAL_Driver/Src/stm32f3xx_hal.c ****   HAL_NVIC_SetPriorityGrouping(NVIC_PRIORITYGROUP_4);
 147:Drivers/STM32F3xx_HAL_Driver/Src/stm32f3xx_hal.c **** 
 148:Drivers/STM32F3xx_HAL_Driver/Src/stm32f3xx_hal.c ****   /* Enable systick and configure 1ms tick (default clock after Reset is HSI) */
 149:Drivers/STM32F3xx_HAL_Driver/Src/stm32f3xx_hal.c ****   HAL_InitTick(TICK_INT_PRIORITY);
 150:Drivers/STM32F3xx_HAL_Driver/Src/stm32f3xx_hal.c **** 
 151:Drivers/STM32F3xx_HAL_Driver/Src/stm32f3xx_hal.c ****   /* Init the low level hardware */
 152:Drivers/STM32F3xx_HAL_Driver/Src/stm32f3xx_hal.c ****   HAL_MspInit();
 153:Drivers/STM32F3xx_HAL_Driver/Src/stm32f3xx_hal.c **** 
 154:Drivers/STM32F3xx_HAL_Driver/Src/stm32f3xx_hal.c ****   /* Return function status */
 155:Drivers/STM32F3xx_HAL_Driver/Src/stm32f3xx_hal.c ****   return HAL_OK;
 156:Drivers/STM32F3xx_HAL_Driver/Src/stm32f3xx_hal.c **** }
 157:Drivers/STM32F3xx_HAL_Driver/Src/stm32f3xx_hal.c **** 
 158:Drivers/STM32F3xx_HAL_Driver/Src/stm32f3xx_hal.c **** /**
 159:Drivers/STM32F3xx_HAL_Driver/Src/stm32f3xx_hal.c ****   * @brief  This function de-Initializes common part of the HAL and stops the systick.
 160:Drivers/STM32F3xx_HAL_Driver/Src/stm32f3xx_hal.c ****   * @note This function is optional.
 161:Drivers/STM32F3xx_HAL_Driver/Src/stm32f3xx_hal.c ****   * @retval HAL status
 162:Drivers/STM32F3xx_HAL_Driver/Src/stm32f3xx_hal.c ****   */
 163:Drivers/STM32F3xx_HAL_Driver/Src/stm32f3xx_hal.c **** HAL_StatusTypeDef HAL_DeInit(void)
 164:Drivers/STM32F3xx_HAL_Driver/Src/stm32f3xx_hal.c **** {
 165:Drivers/STM32F3xx_HAL_Driver/Src/stm32f3xx_hal.c ****   /* Reset of all peripherals */
 166:Drivers/STM32F3xx_HAL_Driver/Src/stm32f3xx_hal.c ****   __HAL_RCC_APB1_FORCE_RESET();
 167:Drivers/STM32F3xx_HAL_Driver/Src/stm32f3xx_hal.c ****   __HAL_RCC_APB1_RELEASE_RESET();
 168:Drivers/STM32F3xx_HAL_Driver/Src/stm32f3xx_hal.c **** 
 169:Drivers/STM32F3xx_HAL_Driver/Src/stm32f3xx_hal.c ****   __HAL_RCC_APB2_FORCE_RESET();
 170:Drivers/STM32F3xx_HAL_Driver/Src/stm32f3xx_hal.c ****   __HAL_RCC_APB2_RELEASE_RESET();
 171:Drivers/STM32F3xx_HAL_Driver/Src/stm32f3xx_hal.c **** 
 172:Drivers/STM32F3xx_HAL_Driver/Src/stm32f3xx_hal.c ****   __HAL_RCC_AHB_FORCE_RESET();
 173:Drivers/STM32F3xx_HAL_Driver/Src/stm32f3xx_hal.c ****   __HAL_RCC_AHB_RELEASE_RESET();
 174:Drivers/STM32F3xx_HAL_Driver/Src/stm32f3xx_hal.c **** 
 175:Drivers/STM32F3xx_HAL_Driver/Src/stm32f3xx_hal.c ****   /* De-Init the low level hardware */
 176:Drivers/STM32F3xx_HAL_Driver/Src/stm32f3xx_hal.c ****   HAL_MspDeInit();
 177:Drivers/STM32F3xx_HAL_Driver/Src/stm32f3xx_hal.c **** 
 178:Drivers/STM32F3xx_HAL_Driver/Src/stm32f3xx_hal.c ****   /* Return function status */
 179:Drivers/STM32F3xx_HAL_Driver/Src/stm32f3xx_hal.c ****   return HAL_OK;
 180:Drivers/STM32F3xx_HAL_Driver/Src/stm32f3xx_hal.c **** }
 181:Drivers/STM32F3xx_HAL_Driver/Src/stm32f3xx_hal.c **** 
 182:Drivers/STM32F3xx_HAL_Driver/Src/stm32f3xx_hal.c **** /**
 183:Drivers/STM32F3xx_HAL_Driver/Src/stm32f3xx_hal.c ****   * @brief  Initialize the MSP.
 184:Drivers/STM32F3xx_HAL_Driver/Src/stm32f3xx_hal.c ****   * @retval None
 185:Drivers/STM32F3xx_HAL_Driver/Src/stm32f3xx_hal.c ****   */
 186:Drivers/STM32F3xx_HAL_Driver/Src/stm32f3xx_hal.c **** __weak void HAL_MspInit(void)
 187:Drivers/STM32F3xx_HAL_Driver/Src/stm32f3xx_hal.c **** {
  29              		.loc 1 187 1 view -0
  30              		.cfi_startproc
  31              		@ args = 0, pretend = 0, frame = 0
  32              		@ frame_needed = 0, uses_anonymous_args = 0
  33              		@ link register save eliminated.
 188:Drivers/STM32F3xx_HAL_Driver/Src/stm32f3xx_hal.c ****   /* NOTE : This function should not be modified, when the callback is needed,
 189:Drivers/STM32F3xx_HAL_Driver/Src/stm32f3xx_hal.c ****             the HAL_MspInit could be implemented in the user file
 190:Drivers/STM32F3xx_HAL_Driver/Src/stm32f3xx_hal.c ****    */
 191:Drivers/STM32F3xx_HAL_Driver/Src/stm32f3xx_hal.c **** }
  34              		.loc 1 191 1 view .LVU1
  35 0000 7047     		bx	lr
  36              		.cfi_endproc
  37              	.LFE125:
  39              		.section	.text.HAL_MspDeInit,"ax",%progbits
ARM GAS  /var/folders/bp/hbn4m0qx5z54srgsq53w67zh0000gr/T//ccC3YEne.s 			page 5


  40              		.align	1
  41              		.weak	HAL_MspDeInit
  42              		.syntax unified
  43              		.thumb
  44              		.thumb_func
  45              		.fpu fpv4-sp-d16
  47              	HAL_MspDeInit:
  48              	.LFB126:
 192:Drivers/STM32F3xx_HAL_Driver/Src/stm32f3xx_hal.c **** 
 193:Drivers/STM32F3xx_HAL_Driver/Src/stm32f3xx_hal.c **** /**
 194:Drivers/STM32F3xx_HAL_Driver/Src/stm32f3xx_hal.c ****   * @brief  DeInitialize the MSP.
 195:Drivers/STM32F3xx_HAL_Driver/Src/stm32f3xx_hal.c ****   * @retval None
 196:Drivers/STM32F3xx_HAL_Driver/Src/stm32f3xx_hal.c ****   */
 197:Drivers/STM32F3xx_HAL_Driver/Src/stm32f3xx_hal.c **** __weak void HAL_MspDeInit(void)
 198:Drivers/STM32F3xx_HAL_Driver/Src/stm32f3xx_hal.c **** {
  49              		.loc 1 198 1 view -0
  50              		.cfi_startproc
  51              		@ args = 0, pretend = 0, frame = 0
  52              		@ frame_needed = 0, uses_anonymous_args = 0
  53              		@ link register save eliminated.
 199:Drivers/STM32F3xx_HAL_Driver/Src/stm32f3xx_hal.c ****   /* NOTE : This function should not be modified, when the callback is needed,
 200:Drivers/STM32F3xx_HAL_Driver/Src/stm32f3xx_hal.c ****             the HAL_MspDeInit could be implemented in the user file
 201:Drivers/STM32F3xx_HAL_Driver/Src/stm32f3xx_hal.c ****    */
 202:Drivers/STM32F3xx_HAL_Driver/Src/stm32f3xx_hal.c **** }
  54              		.loc 1 202 1 view .LVU3
  55 0000 7047     		bx	lr
  56              		.cfi_endproc
  57              	.LFE126:
  59              		.section	.text.HAL_DeInit,"ax",%progbits
  60              		.align	1
  61              		.global	HAL_DeInit
  62              		.syntax unified
  63              		.thumb
  64              		.thumb_func
  65              		.fpu fpv4-sp-d16
  67              	HAL_DeInit:
  68              	.LFB124:
 164:Drivers/STM32F3xx_HAL_Driver/Src/stm32f3xx_hal.c ****   /* Reset of all peripherals */
  69              		.loc 1 164 1 view -0
  70              		.cfi_startproc
  71              		@ args = 0, pretend = 0, frame = 0
  72              		@ frame_needed = 0, uses_anonymous_args = 0
  73 0000 10B5     		push	{r4, lr}
  74              	.LCFI0:
  75              		.cfi_def_cfa_offset 8
  76              		.cfi_offset 4, -8
  77              		.cfi_offset 14, -4
 166:Drivers/STM32F3xx_HAL_Driver/Src/stm32f3xx_hal.c ****   __HAL_RCC_APB1_RELEASE_RESET();
  78              		.loc 1 166 3 view .LVU5
  79 0002 074B     		ldr	r3, .L5
  80 0004 4FF0FF32 		mov	r2, #-1
  81 0008 1A61     		str	r2, [r3, #16]
 167:Drivers/STM32F3xx_HAL_Driver/Src/stm32f3xx_hal.c **** 
  82              		.loc 1 167 3 view .LVU6
  83 000a 0024     		movs	r4, #0
  84 000c 1C61     		str	r4, [r3, #16]
 169:Drivers/STM32F3xx_HAL_Driver/Src/stm32f3xx_hal.c ****   __HAL_RCC_APB2_RELEASE_RESET();
ARM GAS  /var/folders/bp/hbn4m0qx5z54srgsq53w67zh0000gr/T//ccC3YEne.s 			page 6


  85              		.loc 1 169 3 view .LVU7
  86 000e DA60     		str	r2, [r3, #12]
 170:Drivers/STM32F3xx_HAL_Driver/Src/stm32f3xx_hal.c **** 
  87              		.loc 1 170 3 view .LVU8
  88 0010 DC60     		str	r4, [r3, #12]
 172:Drivers/STM32F3xx_HAL_Driver/Src/stm32f3xx_hal.c ****   __HAL_RCC_AHB_RELEASE_RESET();
  89              		.loc 1 172 3 view .LVU9
  90 0012 9A62     		str	r2, [r3, #40]
 173:Drivers/STM32F3xx_HAL_Driver/Src/stm32f3xx_hal.c **** 
  91              		.loc 1 173 3 view .LVU10
  92 0014 9C62     		str	r4, [r3, #40]
 176:Drivers/STM32F3xx_HAL_Driver/Src/stm32f3xx_hal.c **** 
  93              		.loc 1 176 3 view .LVU11
  94 0016 FFF7FEFF 		bl	HAL_MspDeInit
  95              	.LVL0:
 179:Drivers/STM32F3xx_HAL_Driver/Src/stm32f3xx_hal.c **** }
  96              		.loc 1 179 3 view .LVU12
 180:Drivers/STM32F3xx_HAL_Driver/Src/stm32f3xx_hal.c **** 
  97              		.loc 1 180 1 is_stmt 0 view .LVU13
  98 001a 2046     		mov	r0, r4
  99 001c 10BD     		pop	{r4, pc}
 100              	.L6:
 101 001e 00BF     		.align	2
 102              	.L5:
 103 0020 00100240 		.word	1073876992
 104              		.cfi_endproc
 105              	.LFE124:
 107              		.section	.text.HAL_InitTick,"ax",%progbits
 108              		.align	1
 109              		.weak	HAL_InitTick
 110              		.syntax unified
 111              		.thumb
 112              		.thumb_func
 113              		.fpu fpv4-sp-d16
 115              	HAL_InitTick:
 116              	.LVL1:
 117              	.LFB127:
 203:Drivers/STM32F3xx_HAL_Driver/Src/stm32f3xx_hal.c **** 
 204:Drivers/STM32F3xx_HAL_Driver/Src/stm32f3xx_hal.c **** /**
 205:Drivers/STM32F3xx_HAL_Driver/Src/stm32f3xx_hal.c ****   * @brief  This function configures the source of the time base. 
 206:Drivers/STM32F3xx_HAL_Driver/Src/stm32f3xx_hal.c ****   *         The time source is configured  to have 1ms time base with a dedicated 
 207:Drivers/STM32F3xx_HAL_Driver/Src/stm32f3xx_hal.c ****   *         Tick interrupt priority. 
 208:Drivers/STM32F3xx_HAL_Driver/Src/stm32f3xx_hal.c ****   * @note   This function is called  automatically at the beginning of program after
 209:Drivers/STM32F3xx_HAL_Driver/Src/stm32f3xx_hal.c ****   *         reset by HAL_Init() or at any time when clock is reconfigured  by HAL_RCC_ClockConfig()
 210:Drivers/STM32F3xx_HAL_Driver/Src/stm32f3xx_hal.c ****   * @note   In the default implementation , SysTick timer is the source of time base. 
 211:Drivers/STM32F3xx_HAL_Driver/Src/stm32f3xx_hal.c ****   *         It is used to generate interrupts at regular time intervals. 
 212:Drivers/STM32F3xx_HAL_Driver/Src/stm32f3xx_hal.c ****   *         Care must be taken if HAL_Delay() is called from a peripheral ISR process, 
 213:Drivers/STM32F3xx_HAL_Driver/Src/stm32f3xx_hal.c ****   *         The SysTick interrupt must have higher priority (numerically lower) 
 214:Drivers/STM32F3xx_HAL_Driver/Src/stm32f3xx_hal.c ****   *         than the peripheral interrupt. Otherwise the caller ISR process will be blocked.
 215:Drivers/STM32F3xx_HAL_Driver/Src/stm32f3xx_hal.c ****   *         The function is declared as __Weak  to be overwritten  in case of other
 216:Drivers/STM32F3xx_HAL_Driver/Src/stm32f3xx_hal.c ****   *         implementation  in user file.
 217:Drivers/STM32F3xx_HAL_Driver/Src/stm32f3xx_hal.c ****   * @param TickPriority Tick interrupt priority.
 218:Drivers/STM32F3xx_HAL_Driver/Src/stm32f3xx_hal.c ****   * @retval HAL status
 219:Drivers/STM32F3xx_HAL_Driver/Src/stm32f3xx_hal.c ****   */
 220:Drivers/STM32F3xx_HAL_Driver/Src/stm32f3xx_hal.c **** __weak HAL_StatusTypeDef HAL_InitTick(uint32_t TickPriority)
 221:Drivers/STM32F3xx_HAL_Driver/Src/stm32f3xx_hal.c **** {
 118              		.loc 1 221 1 is_stmt 1 view -0
ARM GAS  /var/folders/bp/hbn4m0qx5z54srgsq53w67zh0000gr/T//ccC3YEne.s 			page 7


 119              		.cfi_startproc
 120              		@ args = 0, pretend = 0, frame = 0
 121              		@ frame_needed = 0, uses_anonymous_args = 0
 122              		.loc 1 221 1 is_stmt 0 view .LVU15
 123 0000 10B5     		push	{r4, lr}
 124              	.LCFI1:
 125              		.cfi_def_cfa_offset 8
 126              		.cfi_offset 4, -8
 127              		.cfi_offset 14, -4
 128 0002 0446     		mov	r4, r0
 222:Drivers/STM32F3xx_HAL_Driver/Src/stm32f3xx_hal.c ****   /* Configure the SysTick to have interrupt in 1ms time basis*/
 223:Drivers/STM32F3xx_HAL_Driver/Src/stm32f3xx_hal.c ****   if (HAL_SYSTICK_Config(SystemCoreClock / (1000U / uwTickFreq)) > 0U)
 129              		.loc 1 223 3 is_stmt 1 view .LVU16
 130              		.loc 1 223 51 is_stmt 0 view .LVU17
 131 0004 0E4B     		ldr	r3, .L13
 132 0006 1878     		ldrb	r0, [r3]	@ zero_extendqisi2
 133              	.LVL2:
 134              		.loc 1 223 51 view .LVU18
 135 0008 4FF47A73 		mov	r3, #1000
 136 000c B3FBF0F3 		udiv	r3, r3, r0
 137              		.loc 1 223 7 view .LVU19
 138 0010 0C4A     		ldr	r2, .L13+4
 139 0012 1068     		ldr	r0, [r2]
 140 0014 B0FBF3F0 		udiv	r0, r0, r3
 141 0018 FFF7FEFF 		bl	HAL_SYSTICK_Config
 142              	.LVL3:
 143              		.loc 1 223 6 view .LVU20
 144 001c 68B9     		cbnz	r0, .L9
 224:Drivers/STM32F3xx_HAL_Driver/Src/stm32f3xx_hal.c ****   {
 225:Drivers/STM32F3xx_HAL_Driver/Src/stm32f3xx_hal.c ****     return HAL_ERROR;
 226:Drivers/STM32F3xx_HAL_Driver/Src/stm32f3xx_hal.c ****   }
 227:Drivers/STM32F3xx_HAL_Driver/Src/stm32f3xx_hal.c **** 
 228:Drivers/STM32F3xx_HAL_Driver/Src/stm32f3xx_hal.c ****   /* Configure the SysTick IRQ priority */
 229:Drivers/STM32F3xx_HAL_Driver/Src/stm32f3xx_hal.c ****   if (TickPriority < (1UL << __NVIC_PRIO_BITS))
 145              		.loc 1 229 3 is_stmt 1 view .LVU21
 146              		.loc 1 229 6 is_stmt 0 view .LVU22
 147 001e 0F2C     		cmp	r4, #15
 148 0020 01D9     		bls	.L12
 230:Drivers/STM32F3xx_HAL_Driver/Src/stm32f3xx_hal.c ****   {
 231:Drivers/STM32F3xx_HAL_Driver/Src/stm32f3xx_hal.c ****     HAL_NVIC_SetPriority(SysTick_IRQn, TickPriority, 0U);
 232:Drivers/STM32F3xx_HAL_Driver/Src/stm32f3xx_hal.c ****     uwTickPrio = TickPriority;
 233:Drivers/STM32F3xx_HAL_Driver/Src/stm32f3xx_hal.c ****   }
 234:Drivers/STM32F3xx_HAL_Driver/Src/stm32f3xx_hal.c ****   else
 235:Drivers/STM32F3xx_HAL_Driver/Src/stm32f3xx_hal.c ****   {
 236:Drivers/STM32F3xx_HAL_Driver/Src/stm32f3xx_hal.c ****     return HAL_ERROR;
 149              		.loc 1 236 12 view .LVU23
 150 0022 0120     		movs	r0, #1
 151 0024 0AE0     		b	.L8
 152              	.L12:
 231:Drivers/STM32F3xx_HAL_Driver/Src/stm32f3xx_hal.c ****     uwTickPrio = TickPriority;
 153              		.loc 1 231 5 is_stmt 1 view .LVU24
 154 0026 0022     		movs	r2, #0
 155 0028 2146     		mov	r1, r4
 156 002a 4FF0FF30 		mov	r0, #-1
 157 002e FFF7FEFF 		bl	HAL_NVIC_SetPriority
 158              	.LVL4:
 232:Drivers/STM32F3xx_HAL_Driver/Src/stm32f3xx_hal.c ****   }
ARM GAS  /var/folders/bp/hbn4m0qx5z54srgsq53w67zh0000gr/T//ccC3YEne.s 			page 8


 159              		.loc 1 232 5 view .LVU25
 232:Drivers/STM32F3xx_HAL_Driver/Src/stm32f3xx_hal.c ****   }
 160              		.loc 1 232 16 is_stmt 0 view .LVU26
 161 0032 054B     		ldr	r3, .L13+8
 162 0034 1C60     		str	r4, [r3]
 237:Drivers/STM32F3xx_HAL_Driver/Src/stm32f3xx_hal.c ****   }
 238:Drivers/STM32F3xx_HAL_Driver/Src/stm32f3xx_hal.c ****    /* Return function status */
 239:Drivers/STM32F3xx_HAL_Driver/Src/stm32f3xx_hal.c ****   return HAL_OK;
 163              		.loc 1 239 3 is_stmt 1 view .LVU27
 164              		.loc 1 239 10 is_stmt 0 view .LVU28
 165 0036 0020     		movs	r0, #0
 166 0038 00E0     		b	.L8
 167              	.L9:
 225:Drivers/STM32F3xx_HAL_Driver/Src/stm32f3xx_hal.c ****   }
 168              		.loc 1 225 12 view .LVU29
 169 003a 0120     		movs	r0, #1
 170              	.L8:
 240:Drivers/STM32F3xx_HAL_Driver/Src/stm32f3xx_hal.c **** }
 171              		.loc 1 240 1 view .LVU30
 172 003c 10BD     		pop	{r4, pc}
 173              	.LVL5:
 174              	.L14:
 175              		.loc 1 240 1 view .LVU31
 176 003e 00BF     		.align	2
 177              	.L13:
 178 0040 00000000 		.word	.LANCHOR0
 179 0044 00000000 		.word	SystemCoreClock
 180 0048 00000000 		.word	.LANCHOR1
 181              		.cfi_endproc
 182              	.LFE127:
 184              		.section	.text.HAL_Init,"ax",%progbits
 185              		.align	1
 186              		.global	HAL_Init
 187              		.syntax unified
 188              		.thumb
 189              		.thumb_func
 190              		.fpu fpv4-sp-d16
 192              	HAL_Init:
 193              	.LFB123:
 139:Drivers/STM32F3xx_HAL_Driver/Src/stm32f3xx_hal.c ****   /* Configure Flash prefetch */
 194              		.loc 1 139 1 is_stmt 1 view -0
 195              		.cfi_startproc
 196              		@ args = 0, pretend = 0, frame = 0
 197              		@ frame_needed = 0, uses_anonymous_args = 0
 198 0000 08B5     		push	{r3, lr}
 199              	.LCFI2:
 200              		.cfi_def_cfa_offset 8
 201              		.cfi_offset 3, -8
 202              		.cfi_offset 14, -4
 142:Drivers/STM32F3xx_HAL_Driver/Src/stm32f3xx_hal.c **** #endif /* PREFETCH_ENABLE */
 203              		.loc 1 142 3 view .LVU33
 204 0002 074A     		ldr	r2, .L17
 205 0004 1368     		ldr	r3, [r2]
 206 0006 43F01003 		orr	r3, r3, #16
 207 000a 1360     		str	r3, [r2]
 146:Drivers/STM32F3xx_HAL_Driver/Src/stm32f3xx_hal.c **** 
 208              		.loc 1 146 3 view .LVU34
ARM GAS  /var/folders/bp/hbn4m0qx5z54srgsq53w67zh0000gr/T//ccC3YEne.s 			page 9


 209 000c 0320     		movs	r0, #3
 210 000e FFF7FEFF 		bl	HAL_NVIC_SetPriorityGrouping
 211              	.LVL6:
 149:Drivers/STM32F3xx_HAL_Driver/Src/stm32f3xx_hal.c **** 
 212              		.loc 1 149 3 view .LVU35
 213 0012 0F20     		movs	r0, #15
 214 0014 FFF7FEFF 		bl	HAL_InitTick
 215              	.LVL7:
 152:Drivers/STM32F3xx_HAL_Driver/Src/stm32f3xx_hal.c **** 
 216              		.loc 1 152 3 view .LVU36
 217 0018 FFF7FEFF 		bl	HAL_MspInit
 218              	.LVL8:
 155:Drivers/STM32F3xx_HAL_Driver/Src/stm32f3xx_hal.c **** }
 219              		.loc 1 155 3 view .LVU37
 156:Drivers/STM32F3xx_HAL_Driver/Src/stm32f3xx_hal.c **** 
 220              		.loc 1 156 1 is_stmt 0 view .LVU38
 221 001c 0020     		movs	r0, #0
 222 001e 08BD     		pop	{r3, pc}
 223              	.L18:
 224              		.align	2
 225              	.L17:
 226 0020 00200240 		.word	1073881088
 227              		.cfi_endproc
 228              	.LFE123:
 230              		.section	.text.HAL_IncTick,"ax",%progbits
 231              		.align	1
 232              		.weak	HAL_IncTick
 233              		.syntax unified
 234              		.thumb
 235              		.thumb_func
 236              		.fpu fpv4-sp-d16
 238              	HAL_IncTick:
 239              	.LFB128:
 241:Drivers/STM32F3xx_HAL_Driver/Src/stm32f3xx_hal.c **** 
 242:Drivers/STM32F3xx_HAL_Driver/Src/stm32f3xx_hal.c **** /**
 243:Drivers/STM32F3xx_HAL_Driver/Src/stm32f3xx_hal.c ****   * @}
 244:Drivers/STM32F3xx_HAL_Driver/Src/stm32f3xx_hal.c ****   */
 245:Drivers/STM32F3xx_HAL_Driver/Src/stm32f3xx_hal.c **** 
 246:Drivers/STM32F3xx_HAL_Driver/Src/stm32f3xx_hal.c **** /** @defgroup HAL_Exported_Functions_Group2 HAL Control functions 
 247:Drivers/STM32F3xx_HAL_Driver/Src/stm32f3xx_hal.c ****  *  @brief    HAL Control functions
 248:Drivers/STM32F3xx_HAL_Driver/Src/stm32f3xx_hal.c ****  *
 249:Drivers/STM32F3xx_HAL_Driver/Src/stm32f3xx_hal.c **** @verbatim
 250:Drivers/STM32F3xx_HAL_Driver/Src/stm32f3xx_hal.c ****  ===============================================================================
 251:Drivers/STM32F3xx_HAL_Driver/Src/stm32f3xx_hal.c ****                       ##### HAL Control functions #####
 252:Drivers/STM32F3xx_HAL_Driver/Src/stm32f3xx_hal.c ****  ===============================================================================
 253:Drivers/STM32F3xx_HAL_Driver/Src/stm32f3xx_hal.c ****     [..]  This section provides functions allowing to:
 254:Drivers/STM32F3xx_HAL_Driver/Src/stm32f3xx_hal.c ****       (+) Provide a tick value in millisecond
 255:Drivers/STM32F3xx_HAL_Driver/Src/stm32f3xx_hal.c ****       (+) Provide a blocking delay in millisecond
 256:Drivers/STM32F3xx_HAL_Driver/Src/stm32f3xx_hal.c ****       (+) Suspend the time base source interrupt
 257:Drivers/STM32F3xx_HAL_Driver/Src/stm32f3xx_hal.c ****       (+) Resume the time base source interrupt
 258:Drivers/STM32F3xx_HAL_Driver/Src/stm32f3xx_hal.c ****       (+) Get the HAL API driver version
 259:Drivers/STM32F3xx_HAL_Driver/Src/stm32f3xx_hal.c ****       (+) Get the device identifier
 260:Drivers/STM32F3xx_HAL_Driver/Src/stm32f3xx_hal.c ****       (+) Get the device revision identifier
 261:Drivers/STM32F3xx_HAL_Driver/Src/stm32f3xx_hal.c ****       (+) Enable/Disable Debug module during Sleep mode
 262:Drivers/STM32F3xx_HAL_Driver/Src/stm32f3xx_hal.c ****       (+) Enable/Disable Debug module during STOP mode
 263:Drivers/STM32F3xx_HAL_Driver/Src/stm32f3xx_hal.c ****       (+) Enable/Disable Debug module during STANDBY mode
 264:Drivers/STM32F3xx_HAL_Driver/Src/stm32f3xx_hal.c ****       
ARM GAS  /var/folders/bp/hbn4m0qx5z54srgsq53w67zh0000gr/T//ccC3YEne.s 			page 10


 265:Drivers/STM32F3xx_HAL_Driver/Src/stm32f3xx_hal.c **** @endverbatim
 266:Drivers/STM32F3xx_HAL_Driver/Src/stm32f3xx_hal.c ****   * @{
 267:Drivers/STM32F3xx_HAL_Driver/Src/stm32f3xx_hal.c ****   */
 268:Drivers/STM32F3xx_HAL_Driver/Src/stm32f3xx_hal.c **** 
 269:Drivers/STM32F3xx_HAL_Driver/Src/stm32f3xx_hal.c **** /**
 270:Drivers/STM32F3xx_HAL_Driver/Src/stm32f3xx_hal.c ****   * @brief  This function is called to increment  a global variable "uwTick"
 271:Drivers/STM32F3xx_HAL_Driver/Src/stm32f3xx_hal.c ****   *         used as application time base.
 272:Drivers/STM32F3xx_HAL_Driver/Src/stm32f3xx_hal.c ****   * @note In the default implementation, this variable is incremented each 1ms
 273:Drivers/STM32F3xx_HAL_Driver/Src/stm32f3xx_hal.c ****   *         in SysTick ISR.
 274:Drivers/STM32F3xx_HAL_Driver/Src/stm32f3xx_hal.c ****   * @note This function is declared as __weak to be overwritten in case of other 
 275:Drivers/STM32F3xx_HAL_Driver/Src/stm32f3xx_hal.c ****   *         implementations  in user file.
 276:Drivers/STM32F3xx_HAL_Driver/Src/stm32f3xx_hal.c ****   * @retval None
 277:Drivers/STM32F3xx_HAL_Driver/Src/stm32f3xx_hal.c ****   */
 278:Drivers/STM32F3xx_HAL_Driver/Src/stm32f3xx_hal.c **** __weak void HAL_IncTick(void)
 279:Drivers/STM32F3xx_HAL_Driver/Src/stm32f3xx_hal.c **** {
 240              		.loc 1 279 1 is_stmt 1 view -0
 241              		.cfi_startproc
 242              		@ args = 0, pretend = 0, frame = 0
 243              		@ frame_needed = 0, uses_anonymous_args = 0
 244              		@ link register save eliminated.
 280:Drivers/STM32F3xx_HAL_Driver/Src/stm32f3xx_hal.c ****   uwTick += uwTickFreq;
 245              		.loc 1 280 3 view .LVU40
 246              		.loc 1 280 10 is_stmt 0 view .LVU41
 247 0000 034A     		ldr	r2, .L20
 248 0002 1168     		ldr	r1, [r2]
 249 0004 034B     		ldr	r3, .L20+4
 250 0006 1B78     		ldrb	r3, [r3]	@ zero_extendqisi2
 251 0008 0B44     		add	r3, r3, r1
 252 000a 1360     		str	r3, [r2]
 281:Drivers/STM32F3xx_HAL_Driver/Src/stm32f3xx_hal.c **** }
 253              		.loc 1 281 1 view .LVU42
 254 000c 7047     		bx	lr
 255              	.L21:
 256 000e 00BF     		.align	2
 257              	.L20:
 258 0010 00000000 		.word	.LANCHOR2
 259 0014 00000000 		.word	.LANCHOR0
 260              		.cfi_endproc
 261              	.LFE128:
 263              		.section	.text.HAL_GetTick,"ax",%progbits
 264              		.align	1
 265              		.weak	HAL_GetTick
 266              		.syntax unified
 267              		.thumb
 268              		.thumb_func
 269              		.fpu fpv4-sp-d16
 271              	HAL_GetTick:
 272              	.LFB129:
 282:Drivers/STM32F3xx_HAL_Driver/Src/stm32f3xx_hal.c **** 
 283:Drivers/STM32F3xx_HAL_Driver/Src/stm32f3xx_hal.c **** /**
 284:Drivers/STM32F3xx_HAL_Driver/Src/stm32f3xx_hal.c ****   * @brief  Povides a tick value in millisecond.
 285:Drivers/STM32F3xx_HAL_Driver/Src/stm32f3xx_hal.c ****   * @note   The function is declared as __Weak  to be overwritten  in case of other 
 286:Drivers/STM32F3xx_HAL_Driver/Src/stm32f3xx_hal.c ****   *         implementations  in user file.
 287:Drivers/STM32F3xx_HAL_Driver/Src/stm32f3xx_hal.c ****   * @retval tick value
 288:Drivers/STM32F3xx_HAL_Driver/Src/stm32f3xx_hal.c ****   */
 289:Drivers/STM32F3xx_HAL_Driver/Src/stm32f3xx_hal.c **** __weak uint32_t HAL_GetTick(void)
 290:Drivers/STM32F3xx_HAL_Driver/Src/stm32f3xx_hal.c **** {
ARM GAS  /var/folders/bp/hbn4m0qx5z54srgsq53w67zh0000gr/T//ccC3YEne.s 			page 11


 273              		.loc 1 290 1 is_stmt 1 view -0
 274              		.cfi_startproc
 275              		@ args = 0, pretend = 0, frame = 0
 276              		@ frame_needed = 0, uses_anonymous_args = 0
 277              		@ link register save eliminated.
 291:Drivers/STM32F3xx_HAL_Driver/Src/stm32f3xx_hal.c ****   return uwTick;  
 278              		.loc 1 291 3 view .LVU44
 279              		.loc 1 291 10 is_stmt 0 view .LVU45
 280 0000 014B     		ldr	r3, .L23
 281 0002 1868     		ldr	r0, [r3]
 292:Drivers/STM32F3xx_HAL_Driver/Src/stm32f3xx_hal.c **** }
 282              		.loc 1 292 1 view .LVU46
 283 0004 7047     		bx	lr
 284              	.L24:
 285 0006 00BF     		.align	2
 286              	.L23:
 287 0008 00000000 		.word	.LANCHOR2
 288              		.cfi_endproc
 289              	.LFE129:
 291              		.section	.text.HAL_GetTickPrio,"ax",%progbits
 292              		.align	1
 293              		.global	HAL_GetTickPrio
 294              		.syntax unified
 295              		.thumb
 296              		.thumb_func
 297              		.fpu fpv4-sp-d16
 299              	HAL_GetTickPrio:
 300              	.LFB130:
 293:Drivers/STM32F3xx_HAL_Driver/Src/stm32f3xx_hal.c **** 
 294:Drivers/STM32F3xx_HAL_Driver/Src/stm32f3xx_hal.c **** /**
 295:Drivers/STM32F3xx_HAL_Driver/Src/stm32f3xx_hal.c ****   * @brief This function returns a tick priority.
 296:Drivers/STM32F3xx_HAL_Driver/Src/stm32f3xx_hal.c ****   * @retval tick priority
 297:Drivers/STM32F3xx_HAL_Driver/Src/stm32f3xx_hal.c ****   */
 298:Drivers/STM32F3xx_HAL_Driver/Src/stm32f3xx_hal.c **** uint32_t HAL_GetTickPrio(void)
 299:Drivers/STM32F3xx_HAL_Driver/Src/stm32f3xx_hal.c **** {
 301              		.loc 1 299 1 is_stmt 1 view -0
 302              		.cfi_startproc
 303              		@ args = 0, pretend = 0, frame = 0
 304              		@ frame_needed = 0, uses_anonymous_args = 0
 305              		@ link register save eliminated.
 300:Drivers/STM32F3xx_HAL_Driver/Src/stm32f3xx_hal.c ****   return uwTickPrio;
 306              		.loc 1 300 3 view .LVU48
 301:Drivers/STM32F3xx_HAL_Driver/Src/stm32f3xx_hal.c **** }
 307              		.loc 1 301 1 is_stmt 0 view .LVU49
 308 0000 014B     		ldr	r3, .L26
 309 0002 1868     		ldr	r0, [r3]
 310 0004 7047     		bx	lr
 311              	.L27:
 312 0006 00BF     		.align	2
 313              	.L26:
 314 0008 00000000 		.word	.LANCHOR1
 315              		.cfi_endproc
 316              	.LFE130:
 318              		.section	.text.HAL_SetTickFreq,"ax",%progbits
 319              		.align	1
 320              		.global	HAL_SetTickFreq
 321              		.syntax unified
ARM GAS  /var/folders/bp/hbn4m0qx5z54srgsq53w67zh0000gr/T//ccC3YEne.s 			page 12


 322              		.thumb
 323              		.thumb_func
 324              		.fpu fpv4-sp-d16
 326              	HAL_SetTickFreq:
 327              	.LVL9:
 328              	.LFB131:
 302:Drivers/STM32F3xx_HAL_Driver/Src/stm32f3xx_hal.c **** 
 303:Drivers/STM32F3xx_HAL_Driver/Src/stm32f3xx_hal.c **** /**
 304:Drivers/STM32F3xx_HAL_Driver/Src/stm32f3xx_hal.c ****   * @brief Set new tick Freq.
 305:Drivers/STM32F3xx_HAL_Driver/Src/stm32f3xx_hal.c ****   * @retval status
 306:Drivers/STM32F3xx_HAL_Driver/Src/stm32f3xx_hal.c ****   */
 307:Drivers/STM32F3xx_HAL_Driver/Src/stm32f3xx_hal.c **** HAL_StatusTypeDef HAL_SetTickFreq(HAL_TickFreqTypeDef Freq)
 308:Drivers/STM32F3xx_HAL_Driver/Src/stm32f3xx_hal.c **** {
 329              		.loc 1 308 1 is_stmt 1 view -0
 330              		.cfi_startproc
 331              		@ args = 0, pretend = 0, frame = 0
 332              		@ frame_needed = 0, uses_anonymous_args = 0
 333              		.loc 1 308 1 is_stmt 0 view .LVU51
 334 0000 10B5     		push	{r4, lr}
 335              	.LCFI3:
 336              		.cfi_def_cfa_offset 8
 337              		.cfi_offset 4, -8
 338              		.cfi_offset 14, -4
 309:Drivers/STM32F3xx_HAL_Driver/Src/stm32f3xx_hal.c ****   HAL_StatusTypeDef status  = HAL_OK;
 339              		.loc 1 309 3 is_stmt 1 view .LVU52
 340              	.LVL10:
 310:Drivers/STM32F3xx_HAL_Driver/Src/stm32f3xx_hal.c ****   HAL_TickFreqTypeDef prevTickFreq;
 341              		.loc 1 310 3 view .LVU53
 311:Drivers/STM32F3xx_HAL_Driver/Src/stm32f3xx_hal.c **** 
 312:Drivers/STM32F3xx_HAL_Driver/Src/stm32f3xx_hal.c ****   assert_param(IS_TICKFREQ(Freq));
 342              		.loc 1 312 3 view .LVU54
 313:Drivers/STM32F3xx_HAL_Driver/Src/stm32f3xx_hal.c **** 
 314:Drivers/STM32F3xx_HAL_Driver/Src/stm32f3xx_hal.c ****   if (uwTickFreq != Freq)
 343              		.loc 1 314 3 view .LVU55
 344              		.loc 1 314 18 is_stmt 0 view .LVU56
 345 0002 084B     		ldr	r3, .L33
 346 0004 1C78     		ldrb	r4, [r3]	@ zero_extendqisi2
 347              		.loc 1 314 6 view .LVU57
 348 0006 8442     		cmp	r4, r0
 349 0008 01D1     		bne	.L32
 309:Drivers/STM32F3xx_HAL_Driver/Src/stm32f3xx_hal.c ****   HAL_TickFreqTypeDef prevTickFreq;
 350              		.loc 1 309 21 view .LVU58
 351 000a 0020     		movs	r0, #0
 352              	.LVL11:
 353              	.L29:
 315:Drivers/STM32F3xx_HAL_Driver/Src/stm32f3xx_hal.c ****   {
 316:Drivers/STM32F3xx_HAL_Driver/Src/stm32f3xx_hal.c ****     /* Back up uwTickFreq frequency */
 317:Drivers/STM32F3xx_HAL_Driver/Src/stm32f3xx_hal.c ****     prevTickFreq = uwTickFreq;
 318:Drivers/STM32F3xx_HAL_Driver/Src/stm32f3xx_hal.c **** 
 319:Drivers/STM32F3xx_HAL_Driver/Src/stm32f3xx_hal.c ****     /* Update uwTickFreq global variable used by HAL_InitTick() */
 320:Drivers/STM32F3xx_HAL_Driver/Src/stm32f3xx_hal.c ****     uwTickFreq = Freq;
 321:Drivers/STM32F3xx_HAL_Driver/Src/stm32f3xx_hal.c **** 
 322:Drivers/STM32F3xx_HAL_Driver/Src/stm32f3xx_hal.c ****     /* Apply the new tick Freq */
 323:Drivers/STM32F3xx_HAL_Driver/Src/stm32f3xx_hal.c ****     status = HAL_InitTick(uwTickPrio);
 324:Drivers/STM32F3xx_HAL_Driver/Src/stm32f3xx_hal.c **** 
 325:Drivers/STM32F3xx_HAL_Driver/Src/stm32f3xx_hal.c ****     if (status != HAL_OK)
 326:Drivers/STM32F3xx_HAL_Driver/Src/stm32f3xx_hal.c ****     {
ARM GAS  /var/folders/bp/hbn4m0qx5z54srgsq53w67zh0000gr/T//ccC3YEne.s 			page 13


 327:Drivers/STM32F3xx_HAL_Driver/Src/stm32f3xx_hal.c ****       /* Restore previous tick frequency */
 328:Drivers/STM32F3xx_HAL_Driver/Src/stm32f3xx_hal.c ****       uwTickFreq = prevTickFreq;
 329:Drivers/STM32F3xx_HAL_Driver/Src/stm32f3xx_hal.c ****     }
 330:Drivers/STM32F3xx_HAL_Driver/Src/stm32f3xx_hal.c ****   }
 331:Drivers/STM32F3xx_HAL_Driver/Src/stm32f3xx_hal.c **** 
 332:Drivers/STM32F3xx_HAL_Driver/Src/stm32f3xx_hal.c ****   return status;
 354              		.loc 1 332 3 is_stmt 1 view .LVU59
 333:Drivers/STM32F3xx_HAL_Driver/Src/stm32f3xx_hal.c **** }
 355              		.loc 1 333 1 is_stmt 0 view .LVU60
 356 000c 10BD     		pop	{r4, pc}
 357              	.LVL12:
 358              	.L32:
 317:Drivers/STM32F3xx_HAL_Driver/Src/stm32f3xx_hal.c **** 
 359              		.loc 1 317 5 is_stmt 1 view .LVU61
 320:Drivers/STM32F3xx_HAL_Driver/Src/stm32f3xx_hal.c **** 
 360              		.loc 1 320 5 view .LVU62
 320:Drivers/STM32F3xx_HAL_Driver/Src/stm32f3xx_hal.c **** 
 361              		.loc 1 320 16 is_stmt 0 view .LVU63
 362 000e 1870     		strb	r0, [r3]
 323:Drivers/STM32F3xx_HAL_Driver/Src/stm32f3xx_hal.c **** 
 363              		.loc 1 323 5 is_stmt 1 view .LVU64
 323:Drivers/STM32F3xx_HAL_Driver/Src/stm32f3xx_hal.c **** 
 364              		.loc 1 323 14 is_stmt 0 view .LVU65
 365 0010 054B     		ldr	r3, .L33+4
 366 0012 1868     		ldr	r0, [r3]
 367              	.LVL13:
 323:Drivers/STM32F3xx_HAL_Driver/Src/stm32f3xx_hal.c **** 
 368              		.loc 1 323 14 view .LVU66
 369 0014 FFF7FEFF 		bl	HAL_InitTick
 370              	.LVL14:
 325:Drivers/STM32F3xx_HAL_Driver/Src/stm32f3xx_hal.c ****     {
 371              		.loc 1 325 5 is_stmt 1 view .LVU67
 325:Drivers/STM32F3xx_HAL_Driver/Src/stm32f3xx_hal.c ****     {
 372              		.loc 1 325 8 is_stmt 0 view .LVU68
 373 0018 0028     		cmp	r0, #0
 374 001a F7D0     		beq	.L29
 328:Drivers/STM32F3xx_HAL_Driver/Src/stm32f3xx_hal.c ****     }
 375              		.loc 1 328 7 is_stmt 1 view .LVU69
 328:Drivers/STM32F3xx_HAL_Driver/Src/stm32f3xx_hal.c ****     }
 376              		.loc 1 328 18 is_stmt 0 view .LVU70
 377 001c 014B     		ldr	r3, .L33
 378 001e 1C70     		strb	r4, [r3]
 379 0020 F4E7     		b	.L29
 380              	.L34:
 381 0022 00BF     		.align	2
 382              	.L33:
 383 0024 00000000 		.word	.LANCHOR0
 384 0028 00000000 		.word	.LANCHOR1
 385              		.cfi_endproc
 386              	.LFE131:
 388              		.section	.text.HAL_GetTickFreq,"ax",%progbits
 389              		.align	1
 390              		.global	HAL_GetTickFreq
 391              		.syntax unified
 392              		.thumb
 393              		.thumb_func
 394              		.fpu fpv4-sp-d16
ARM GAS  /var/folders/bp/hbn4m0qx5z54srgsq53w67zh0000gr/T//ccC3YEne.s 			page 14


 396              	HAL_GetTickFreq:
 397              	.LFB132:
 334:Drivers/STM32F3xx_HAL_Driver/Src/stm32f3xx_hal.c **** 
 335:Drivers/STM32F3xx_HAL_Driver/Src/stm32f3xx_hal.c **** /**
 336:Drivers/STM32F3xx_HAL_Driver/Src/stm32f3xx_hal.c ****   * @brief Return tick frequency.
 337:Drivers/STM32F3xx_HAL_Driver/Src/stm32f3xx_hal.c ****   * @retval tick period in Hz
 338:Drivers/STM32F3xx_HAL_Driver/Src/stm32f3xx_hal.c ****   */
 339:Drivers/STM32F3xx_HAL_Driver/Src/stm32f3xx_hal.c **** HAL_TickFreqTypeDef HAL_GetTickFreq(void)
 340:Drivers/STM32F3xx_HAL_Driver/Src/stm32f3xx_hal.c **** {
 398              		.loc 1 340 1 is_stmt 1 view -0
 399              		.cfi_startproc
 400              		@ args = 0, pretend = 0, frame = 0
 401              		@ frame_needed = 0, uses_anonymous_args = 0
 402              		@ link register save eliminated.
 341:Drivers/STM32F3xx_HAL_Driver/Src/stm32f3xx_hal.c ****   return uwTickFreq;
 403              		.loc 1 341 3 view .LVU72
 342:Drivers/STM32F3xx_HAL_Driver/Src/stm32f3xx_hal.c **** }
 404              		.loc 1 342 1 is_stmt 0 view .LVU73
 405 0000 014B     		ldr	r3, .L36
 406 0002 1878     		ldrb	r0, [r3]	@ zero_extendqisi2
 407 0004 7047     		bx	lr
 408              	.L37:
 409 0006 00BF     		.align	2
 410              	.L36:
 411 0008 00000000 		.word	.LANCHOR0
 412              		.cfi_endproc
 413              	.LFE132:
 415              		.section	.text.HAL_Delay,"ax",%progbits
 416              		.align	1
 417              		.weak	HAL_Delay
 418              		.syntax unified
 419              		.thumb
 420              		.thumb_func
 421              		.fpu fpv4-sp-d16
 423              	HAL_Delay:
 424              	.LVL15:
 425              	.LFB133:
 343:Drivers/STM32F3xx_HAL_Driver/Src/stm32f3xx_hal.c **** 
 344:Drivers/STM32F3xx_HAL_Driver/Src/stm32f3xx_hal.c **** /**
 345:Drivers/STM32F3xx_HAL_Driver/Src/stm32f3xx_hal.c ****   * @brief  This function provides accurate delay (in milliseconds) based 
 346:Drivers/STM32F3xx_HAL_Driver/Src/stm32f3xx_hal.c ****   *         on variable incremented.
 347:Drivers/STM32F3xx_HAL_Driver/Src/stm32f3xx_hal.c ****   * @note   In the default implementation , SysTick timer is the source of time base. 
 348:Drivers/STM32F3xx_HAL_Driver/Src/stm32f3xx_hal.c ****   *         It is used to generate interrupts at regular time intervals where uwTick
 349:Drivers/STM32F3xx_HAL_Driver/Src/stm32f3xx_hal.c ****   *         is incremented.
 350:Drivers/STM32F3xx_HAL_Driver/Src/stm32f3xx_hal.c ****   *         The function is declared as __Weak  to be overwritten  in case of other
 351:Drivers/STM32F3xx_HAL_Driver/Src/stm32f3xx_hal.c ****   *         implementations  in user file.
 352:Drivers/STM32F3xx_HAL_Driver/Src/stm32f3xx_hal.c ****   * @param  Delay specifies the delay time length, in milliseconds.
 353:Drivers/STM32F3xx_HAL_Driver/Src/stm32f3xx_hal.c ****   * @retval None
 354:Drivers/STM32F3xx_HAL_Driver/Src/stm32f3xx_hal.c ****   */
 355:Drivers/STM32F3xx_HAL_Driver/Src/stm32f3xx_hal.c **** __weak void HAL_Delay(uint32_t Delay)
 356:Drivers/STM32F3xx_HAL_Driver/Src/stm32f3xx_hal.c **** {
 426              		.loc 1 356 1 is_stmt 1 view -0
 427              		.cfi_startproc
 428              		@ args = 0, pretend = 0, frame = 0
 429              		@ frame_needed = 0, uses_anonymous_args = 0
 430              		.loc 1 356 1 is_stmt 0 view .LVU75
 431 0000 38B5     		push	{r3, r4, r5, lr}
ARM GAS  /var/folders/bp/hbn4m0qx5z54srgsq53w67zh0000gr/T//ccC3YEne.s 			page 15


 432              	.LCFI4:
 433              		.cfi_def_cfa_offset 16
 434              		.cfi_offset 3, -16
 435              		.cfi_offset 4, -12
 436              		.cfi_offset 5, -8
 437              		.cfi_offset 14, -4
 438 0002 0446     		mov	r4, r0
 357:Drivers/STM32F3xx_HAL_Driver/Src/stm32f3xx_hal.c ****   uint32_t tickstart = HAL_GetTick();
 439              		.loc 1 357 3 is_stmt 1 view .LVU76
 440              		.loc 1 357 24 is_stmt 0 view .LVU77
 441 0004 FFF7FEFF 		bl	HAL_GetTick
 442              	.LVL16:
 443              		.loc 1 357 24 view .LVU78
 444 0008 0546     		mov	r5, r0
 445              	.LVL17:
 358:Drivers/STM32F3xx_HAL_Driver/Src/stm32f3xx_hal.c ****   uint32_t wait = Delay;
 446              		.loc 1 358 3 is_stmt 1 view .LVU79
 359:Drivers/STM32F3xx_HAL_Driver/Src/stm32f3xx_hal.c ****   
 360:Drivers/STM32F3xx_HAL_Driver/Src/stm32f3xx_hal.c ****   /* Add freq to guarantee minimum wait */
 361:Drivers/STM32F3xx_HAL_Driver/Src/stm32f3xx_hal.c ****   if (wait < HAL_MAX_DELAY)
 447              		.loc 1 361 3 view .LVU80
 448              		.loc 1 361 6 is_stmt 0 view .LVU81
 449 000a B4F1FF3F 		cmp	r4, #-1
 450 000e 02D0     		beq	.L40
 362:Drivers/STM32F3xx_HAL_Driver/Src/stm32f3xx_hal.c ****   {
 363:Drivers/STM32F3xx_HAL_Driver/Src/stm32f3xx_hal.c ****     wait += (uint32_t)(uwTickFreq);
 451              		.loc 1 363 5 is_stmt 1 view .LVU82
 452              		.loc 1 363 13 is_stmt 0 view .LVU83
 453 0010 044B     		ldr	r3, .L42
 454 0012 1B78     		ldrb	r3, [r3]	@ zero_extendqisi2
 455              		.loc 1 363 10 view .LVU84
 456 0014 1C44     		add	r4, r4, r3
 457              	.LVL18:
 458              	.L40:
 364:Drivers/STM32F3xx_HAL_Driver/Src/stm32f3xx_hal.c ****   }
 365:Drivers/STM32F3xx_HAL_Driver/Src/stm32f3xx_hal.c ****   
 366:Drivers/STM32F3xx_HAL_Driver/Src/stm32f3xx_hal.c ****   while((HAL_GetTick() - tickstart) < wait)
 367:Drivers/STM32F3xx_HAL_Driver/Src/stm32f3xx_hal.c ****   {
 368:Drivers/STM32F3xx_HAL_Driver/Src/stm32f3xx_hal.c ****   }
 459              		.loc 1 368 3 is_stmt 1 discriminator 1 view .LVU85
 366:Drivers/STM32F3xx_HAL_Driver/Src/stm32f3xx_hal.c ****   {
 460              		.loc 1 366 8 discriminator 1 view .LVU86
 366:Drivers/STM32F3xx_HAL_Driver/Src/stm32f3xx_hal.c ****   {
 461              		.loc 1 366 10 is_stmt 0 discriminator 1 view .LVU87
 462 0016 FFF7FEFF 		bl	HAL_GetTick
 463              	.LVL19:
 366:Drivers/STM32F3xx_HAL_Driver/Src/stm32f3xx_hal.c ****   {
 464              		.loc 1 366 24 discriminator 1 view .LVU88
 465 001a 401B     		subs	r0, r0, r5
 366:Drivers/STM32F3xx_HAL_Driver/Src/stm32f3xx_hal.c ****   {
 466              		.loc 1 366 8 discriminator 1 view .LVU89
 467 001c A042     		cmp	r0, r4
 468 001e FAD3     		bcc	.L40
 369:Drivers/STM32F3xx_HAL_Driver/Src/stm32f3xx_hal.c **** }
 469              		.loc 1 369 1 view .LVU90
 470 0020 38BD     		pop	{r3, r4, r5, pc}
 471              	.LVL20:
ARM GAS  /var/folders/bp/hbn4m0qx5z54srgsq53w67zh0000gr/T//ccC3YEne.s 			page 16


 472              	.L43:
 473              		.loc 1 369 1 view .LVU91
 474 0022 00BF     		.align	2
 475              	.L42:
 476 0024 00000000 		.word	.LANCHOR0
 477              		.cfi_endproc
 478              	.LFE133:
 480              		.section	.text.HAL_SuspendTick,"ax",%progbits
 481              		.align	1
 482              		.weak	HAL_SuspendTick
 483              		.syntax unified
 484              		.thumb
 485              		.thumb_func
 486              		.fpu fpv4-sp-d16
 488              	HAL_SuspendTick:
 489              	.LFB134:
 370:Drivers/STM32F3xx_HAL_Driver/Src/stm32f3xx_hal.c **** 
 371:Drivers/STM32F3xx_HAL_Driver/Src/stm32f3xx_hal.c **** /**
 372:Drivers/STM32F3xx_HAL_Driver/Src/stm32f3xx_hal.c ****   * @brief  Suspend Tick increment.
 373:Drivers/STM32F3xx_HAL_Driver/Src/stm32f3xx_hal.c ****   * @note   In the default implementation , SysTick timer is the source of time base. It is  
 374:Drivers/STM32F3xx_HAL_Driver/Src/stm32f3xx_hal.c ****   *         used to generate interrupts at regular time intervals. Once HAL_SuspendTick()
 375:Drivers/STM32F3xx_HAL_Driver/Src/stm32f3xx_hal.c ****   *         is called, the the SysTick interrupt will be disabled and so Tick increment 
 376:Drivers/STM32F3xx_HAL_Driver/Src/stm32f3xx_hal.c ****   *         is suspended.
 377:Drivers/STM32F3xx_HAL_Driver/Src/stm32f3xx_hal.c ****   * @note This function is declared as __weak to be overwritten in case of other
 378:Drivers/STM32F3xx_HAL_Driver/Src/stm32f3xx_hal.c ****   *         implementations  in user file.
 379:Drivers/STM32F3xx_HAL_Driver/Src/stm32f3xx_hal.c ****   * @retval None
 380:Drivers/STM32F3xx_HAL_Driver/Src/stm32f3xx_hal.c ****   */
 381:Drivers/STM32F3xx_HAL_Driver/Src/stm32f3xx_hal.c **** __weak void HAL_SuspendTick(void)
 382:Drivers/STM32F3xx_HAL_Driver/Src/stm32f3xx_hal.c **** 
 383:Drivers/STM32F3xx_HAL_Driver/Src/stm32f3xx_hal.c **** {
 490              		.loc 1 383 1 is_stmt 1 view -0
 491              		.cfi_startproc
 492              		@ args = 0, pretend = 0, frame = 0
 493              		@ frame_needed = 0, uses_anonymous_args = 0
 494              		@ link register save eliminated.
 384:Drivers/STM32F3xx_HAL_Driver/Src/stm32f3xx_hal.c ****   /* Disable SysTick Interrupt */
 385:Drivers/STM32F3xx_HAL_Driver/Src/stm32f3xx_hal.c ****   SysTick->CTRL &= ~SysTick_CTRL_TICKINT_Msk;
 495              		.loc 1 385 3 view .LVU93
 496              		.loc 1 385 17 is_stmt 0 view .LVU94
 497 0000 4FF0E022 		mov	r2, #-536813568
 498 0004 1369     		ldr	r3, [r2, #16]
 499 0006 23F00203 		bic	r3, r3, #2
 500 000a 1361     		str	r3, [r2, #16]
 386:Drivers/STM32F3xx_HAL_Driver/Src/stm32f3xx_hal.c ****                                                    
 387:Drivers/STM32F3xx_HAL_Driver/Src/stm32f3xx_hal.c **** }
 501              		.loc 1 387 1 view .LVU95
 502 000c 7047     		bx	lr
 503              		.cfi_endproc
 504              	.LFE134:
 506              		.section	.text.HAL_ResumeTick,"ax",%progbits
 507              		.align	1
 508              		.weak	HAL_ResumeTick
 509              		.syntax unified
 510              		.thumb
 511              		.thumb_func
 512              		.fpu fpv4-sp-d16
 514              	HAL_ResumeTick:
ARM GAS  /var/folders/bp/hbn4m0qx5z54srgsq53w67zh0000gr/T//ccC3YEne.s 			page 17


 515              	.LFB135:
 388:Drivers/STM32F3xx_HAL_Driver/Src/stm32f3xx_hal.c **** 
 389:Drivers/STM32F3xx_HAL_Driver/Src/stm32f3xx_hal.c **** /**
 390:Drivers/STM32F3xx_HAL_Driver/Src/stm32f3xx_hal.c ****   * @brief  Resume Tick increment.
 391:Drivers/STM32F3xx_HAL_Driver/Src/stm32f3xx_hal.c ****   * @note   In the default implementation , SysTick timer is the source of time base. It is  
 392:Drivers/STM32F3xx_HAL_Driver/Src/stm32f3xx_hal.c ****   *         used to generate interrupts at regular time intervals. Once HAL_ResumeTick()
 393:Drivers/STM32F3xx_HAL_Driver/Src/stm32f3xx_hal.c ****   *         is called, the the SysTick interrupt will be enabled and so Tick increment 
 394:Drivers/STM32F3xx_HAL_Driver/Src/stm32f3xx_hal.c ****   *         is resumed.
 395:Drivers/STM32F3xx_HAL_Driver/Src/stm32f3xx_hal.c ****   *         The function is declared as __Weak  to be overwritten  in case of other
 396:Drivers/STM32F3xx_HAL_Driver/Src/stm32f3xx_hal.c ****   *         implementations  in user file.
 397:Drivers/STM32F3xx_HAL_Driver/Src/stm32f3xx_hal.c ****   * @retval None
 398:Drivers/STM32F3xx_HAL_Driver/Src/stm32f3xx_hal.c ****   */
 399:Drivers/STM32F3xx_HAL_Driver/Src/stm32f3xx_hal.c **** __weak void HAL_ResumeTick(void)
 400:Drivers/STM32F3xx_HAL_Driver/Src/stm32f3xx_hal.c **** {
 516              		.loc 1 400 1 is_stmt 1 view -0
 517              		.cfi_startproc
 518              		@ args = 0, pretend = 0, frame = 0
 519              		@ frame_needed = 0, uses_anonymous_args = 0
 520              		@ link register save eliminated.
 401:Drivers/STM32F3xx_HAL_Driver/Src/stm32f3xx_hal.c ****   /* Enable SysTick Interrupt */
 402:Drivers/STM32F3xx_HAL_Driver/Src/stm32f3xx_hal.c ****   SysTick->CTRL  |= SysTick_CTRL_TICKINT_Msk;
 521              		.loc 1 402 3 view .LVU97
 522              		.loc 1 402 18 is_stmt 0 view .LVU98
 523 0000 4FF0E022 		mov	r2, #-536813568
 524 0004 1369     		ldr	r3, [r2, #16]
 525 0006 43F00203 		orr	r3, r3, #2
 526 000a 1361     		str	r3, [r2, #16]
 403:Drivers/STM32F3xx_HAL_Driver/Src/stm32f3xx_hal.c ****   
 404:Drivers/STM32F3xx_HAL_Driver/Src/stm32f3xx_hal.c **** }
 527              		.loc 1 404 1 view .LVU99
 528 000c 7047     		bx	lr
 529              		.cfi_endproc
 530              	.LFE135:
 532              		.section	.text.HAL_GetHalVersion,"ax",%progbits
 533              		.align	1
 534              		.global	HAL_GetHalVersion
 535              		.syntax unified
 536              		.thumb
 537              		.thumb_func
 538              		.fpu fpv4-sp-d16
 540              	HAL_GetHalVersion:
 541              	.LFB136:
 405:Drivers/STM32F3xx_HAL_Driver/Src/stm32f3xx_hal.c **** 
 406:Drivers/STM32F3xx_HAL_Driver/Src/stm32f3xx_hal.c **** /**
 407:Drivers/STM32F3xx_HAL_Driver/Src/stm32f3xx_hal.c ****   * @brief  This function returns the HAL revision
 408:Drivers/STM32F3xx_HAL_Driver/Src/stm32f3xx_hal.c ****   * @retval version 0xXYZR (8bits for each decimal, R for RC)
 409:Drivers/STM32F3xx_HAL_Driver/Src/stm32f3xx_hal.c ****   */
 410:Drivers/STM32F3xx_HAL_Driver/Src/stm32f3xx_hal.c **** uint32_t HAL_GetHalVersion(void)
 411:Drivers/STM32F3xx_HAL_Driver/Src/stm32f3xx_hal.c **** {
 542              		.loc 1 411 1 is_stmt 1 view -0
 543              		.cfi_startproc
 544              		@ args = 0, pretend = 0, frame = 0
 545              		@ frame_needed = 0, uses_anonymous_args = 0
 546              		@ link register save eliminated.
 412:Drivers/STM32F3xx_HAL_Driver/Src/stm32f3xx_hal.c ****  return __STM32F3xx_HAL_VERSION;
 547              		.loc 1 412 2 view .LVU101
 413:Drivers/STM32F3xx_HAL_Driver/Src/stm32f3xx_hal.c **** }
ARM GAS  /var/folders/bp/hbn4m0qx5z54srgsq53w67zh0000gr/T//ccC3YEne.s 			page 18


 548              		.loc 1 413 1 is_stmt 0 view .LVU102
 549 0000 0048     		ldr	r0, .L47
 550 0002 7047     		bx	lr
 551              	.L48:
 552              		.align	2
 553              	.L47:
 554 0004 00060501 		.word	17106432
 555              		.cfi_endproc
 556              	.LFE136:
 558              		.section	.text.HAL_GetREVID,"ax",%progbits
 559              		.align	1
 560              		.global	HAL_GetREVID
 561              		.syntax unified
 562              		.thumb
 563              		.thumb_func
 564              		.fpu fpv4-sp-d16
 566              	HAL_GetREVID:
 567              	.LFB137:
 414:Drivers/STM32F3xx_HAL_Driver/Src/stm32f3xx_hal.c **** 
 415:Drivers/STM32F3xx_HAL_Driver/Src/stm32f3xx_hal.c **** /**
 416:Drivers/STM32F3xx_HAL_Driver/Src/stm32f3xx_hal.c ****   * @brief  Returns the device revision identifier.
 417:Drivers/STM32F3xx_HAL_Driver/Src/stm32f3xx_hal.c ****   * @retval Device revision identifier
 418:Drivers/STM32F3xx_HAL_Driver/Src/stm32f3xx_hal.c ****   */
 419:Drivers/STM32F3xx_HAL_Driver/Src/stm32f3xx_hal.c **** uint32_t HAL_GetREVID(void)
 420:Drivers/STM32F3xx_HAL_Driver/Src/stm32f3xx_hal.c **** {
 568              		.loc 1 420 1 is_stmt 1 view -0
 569              		.cfi_startproc
 570              		@ args = 0, pretend = 0, frame = 0
 571              		@ frame_needed = 0, uses_anonymous_args = 0
 572              		@ link register save eliminated.
 421:Drivers/STM32F3xx_HAL_Driver/Src/stm32f3xx_hal.c ****   return((DBGMCU->IDCODE) >> 16U);
 573              		.loc 1 421 3 view .LVU104
 574              		.loc 1 421 17 is_stmt 0 view .LVU105
 575 0000 014B     		ldr	r3, .L50
 576 0002 1868     		ldr	r0, [r3]
 422:Drivers/STM32F3xx_HAL_Driver/Src/stm32f3xx_hal.c **** }
 577              		.loc 1 422 1 view .LVU106
 578 0004 000C     		lsrs	r0, r0, #16
 579 0006 7047     		bx	lr
 580              	.L51:
 581              		.align	2
 582              	.L50:
 583 0008 002004E0 		.word	-536600576
 584              		.cfi_endproc
 585              	.LFE137:
 587              		.section	.text.HAL_GetDEVID,"ax",%progbits
 588              		.align	1
 589              		.global	HAL_GetDEVID
 590              		.syntax unified
 591              		.thumb
 592              		.thumb_func
 593              		.fpu fpv4-sp-d16
 595              	HAL_GetDEVID:
 596              	.LFB138:
 423:Drivers/STM32F3xx_HAL_Driver/Src/stm32f3xx_hal.c **** 
 424:Drivers/STM32F3xx_HAL_Driver/Src/stm32f3xx_hal.c **** /**
 425:Drivers/STM32F3xx_HAL_Driver/Src/stm32f3xx_hal.c ****   * @brief  Returns the device identifier.
ARM GAS  /var/folders/bp/hbn4m0qx5z54srgsq53w67zh0000gr/T//ccC3YEne.s 			page 19


 426:Drivers/STM32F3xx_HAL_Driver/Src/stm32f3xx_hal.c ****   * @retval Device identifier
 427:Drivers/STM32F3xx_HAL_Driver/Src/stm32f3xx_hal.c ****   */
 428:Drivers/STM32F3xx_HAL_Driver/Src/stm32f3xx_hal.c **** uint32_t HAL_GetDEVID(void)
 429:Drivers/STM32F3xx_HAL_Driver/Src/stm32f3xx_hal.c **** {
 597              		.loc 1 429 1 is_stmt 1 view -0
 598              		.cfi_startproc
 599              		@ args = 0, pretend = 0, frame = 0
 600              		@ frame_needed = 0, uses_anonymous_args = 0
 601              		@ link register save eliminated.
 430:Drivers/STM32F3xx_HAL_Driver/Src/stm32f3xx_hal.c ****   return((DBGMCU->IDCODE) & IDCODE_DEVID_MASK);
 602              		.loc 1 430 3 view .LVU108
 603              		.loc 1 430 17 is_stmt 0 view .LVU109
 604 0000 024B     		ldr	r3, .L53
 605 0002 1868     		ldr	r0, [r3]
 431:Drivers/STM32F3xx_HAL_Driver/Src/stm32f3xx_hal.c **** }
 606              		.loc 1 431 1 view .LVU110
 607 0004 C0F30B00 		ubfx	r0, r0, #0, #12
 608 0008 7047     		bx	lr
 609              	.L54:
 610 000a 00BF     		.align	2
 611              	.L53:
 612 000c 002004E0 		.word	-536600576
 613              		.cfi_endproc
 614              	.LFE138:
 616              		.section	.text.HAL_GetUIDw0,"ax",%progbits
 617              		.align	1
 618              		.global	HAL_GetUIDw0
 619              		.syntax unified
 620              		.thumb
 621              		.thumb_func
 622              		.fpu fpv4-sp-d16
 624              	HAL_GetUIDw0:
 625              	.LFB139:
 432:Drivers/STM32F3xx_HAL_Driver/Src/stm32f3xx_hal.c **** 
 433:Drivers/STM32F3xx_HAL_Driver/Src/stm32f3xx_hal.c **** /**
 434:Drivers/STM32F3xx_HAL_Driver/Src/stm32f3xx_hal.c ****   * @brief  Returns first word of the unique device identifier (UID based on 96 bits)
 435:Drivers/STM32F3xx_HAL_Driver/Src/stm32f3xx_hal.c ****   * @retval Device identifier
 436:Drivers/STM32F3xx_HAL_Driver/Src/stm32f3xx_hal.c ****   */
 437:Drivers/STM32F3xx_HAL_Driver/Src/stm32f3xx_hal.c **** uint32_t HAL_GetUIDw0(void)
 438:Drivers/STM32F3xx_HAL_Driver/Src/stm32f3xx_hal.c **** {
 626              		.loc 1 438 1 is_stmt 1 view -0
 627              		.cfi_startproc
 628              		@ args = 0, pretend = 0, frame = 0
 629              		@ frame_needed = 0, uses_anonymous_args = 0
 630              		@ link register save eliminated.
 439:Drivers/STM32F3xx_HAL_Driver/Src/stm32f3xx_hal.c ****    return(READ_REG(*((uint32_t *)UID_BASE)));
 631              		.loc 1 439 4 view .LVU112
 440:Drivers/STM32F3xx_HAL_Driver/Src/stm32f3xx_hal.c **** }
 632              		.loc 1 440 1 is_stmt 0 view .LVU113
 633 0000 014B     		ldr	r3, .L56
 634 0002 D3F8AC07 		ldr	r0, [r3, #1964]
 635 0006 7047     		bx	lr
 636              	.L57:
 637              		.align	2
 638              	.L56:
 639 0008 00F0FF1F 		.word	536866816
 640              		.cfi_endproc
ARM GAS  /var/folders/bp/hbn4m0qx5z54srgsq53w67zh0000gr/T//ccC3YEne.s 			page 20


 641              	.LFE139:
 643              		.section	.text.HAL_GetUIDw1,"ax",%progbits
 644              		.align	1
 645              		.global	HAL_GetUIDw1
 646              		.syntax unified
 647              		.thumb
 648              		.thumb_func
 649              		.fpu fpv4-sp-d16
 651              	HAL_GetUIDw1:
 652              	.LFB140:
 441:Drivers/STM32F3xx_HAL_Driver/Src/stm32f3xx_hal.c **** 
 442:Drivers/STM32F3xx_HAL_Driver/Src/stm32f3xx_hal.c **** /**
 443:Drivers/STM32F3xx_HAL_Driver/Src/stm32f3xx_hal.c ****   * @brief  Returns second word of the unique device identifier (UID based on 96 bits)
 444:Drivers/STM32F3xx_HAL_Driver/Src/stm32f3xx_hal.c ****   * @retval Device identifier
 445:Drivers/STM32F3xx_HAL_Driver/Src/stm32f3xx_hal.c ****   */
 446:Drivers/STM32F3xx_HAL_Driver/Src/stm32f3xx_hal.c **** uint32_t HAL_GetUIDw1(void)
 447:Drivers/STM32F3xx_HAL_Driver/Src/stm32f3xx_hal.c **** {
 653              		.loc 1 447 1 is_stmt 1 view -0
 654              		.cfi_startproc
 655              		@ args = 0, pretend = 0, frame = 0
 656              		@ frame_needed = 0, uses_anonymous_args = 0
 657              		@ link register save eliminated.
 448:Drivers/STM32F3xx_HAL_Driver/Src/stm32f3xx_hal.c ****    return(READ_REG(*((uint32_t *)(UID_BASE + 4U))));
 658              		.loc 1 448 4 view .LVU115
 449:Drivers/STM32F3xx_HAL_Driver/Src/stm32f3xx_hal.c **** }
 659              		.loc 1 449 1 is_stmt 0 view .LVU116
 660 0000 014B     		ldr	r3, .L59
 661 0002 D3F8B007 		ldr	r0, [r3, #1968]
 662 0006 7047     		bx	lr
 663              	.L60:
 664              		.align	2
 665              	.L59:
 666 0008 00F0FF1F 		.word	536866816
 667              		.cfi_endproc
 668              	.LFE140:
 670              		.section	.text.HAL_GetUIDw2,"ax",%progbits
 671              		.align	1
 672              		.global	HAL_GetUIDw2
 673              		.syntax unified
 674              		.thumb
 675              		.thumb_func
 676              		.fpu fpv4-sp-d16
 678              	HAL_GetUIDw2:
 679              	.LFB141:
 450:Drivers/STM32F3xx_HAL_Driver/Src/stm32f3xx_hal.c **** 
 451:Drivers/STM32F3xx_HAL_Driver/Src/stm32f3xx_hal.c **** /**
 452:Drivers/STM32F3xx_HAL_Driver/Src/stm32f3xx_hal.c ****   * @brief  Returns third word of the unique device identifier (UID based on 96 bits)
 453:Drivers/STM32F3xx_HAL_Driver/Src/stm32f3xx_hal.c ****   * @retval Device identifier
 454:Drivers/STM32F3xx_HAL_Driver/Src/stm32f3xx_hal.c ****   */
 455:Drivers/STM32F3xx_HAL_Driver/Src/stm32f3xx_hal.c **** uint32_t HAL_GetUIDw2(void)
 456:Drivers/STM32F3xx_HAL_Driver/Src/stm32f3xx_hal.c **** {
 680              		.loc 1 456 1 is_stmt 1 view -0
 681              		.cfi_startproc
 682              		@ args = 0, pretend = 0, frame = 0
 683              		@ frame_needed = 0, uses_anonymous_args = 0
 684              		@ link register save eliminated.
 457:Drivers/STM32F3xx_HAL_Driver/Src/stm32f3xx_hal.c ****    return(READ_REG(*((uint32_t *)(UID_BASE + 8U))));
ARM GAS  /var/folders/bp/hbn4m0qx5z54srgsq53w67zh0000gr/T//ccC3YEne.s 			page 21


 685              		.loc 1 457 4 view .LVU118
 458:Drivers/STM32F3xx_HAL_Driver/Src/stm32f3xx_hal.c **** }
 686              		.loc 1 458 1 is_stmt 0 view .LVU119
 687 0000 014B     		ldr	r3, .L62
 688 0002 D3F8B407 		ldr	r0, [r3, #1972]
 689 0006 7047     		bx	lr
 690              	.L63:
 691              		.align	2
 692              	.L62:
 693 0008 00F0FF1F 		.word	536866816
 694              		.cfi_endproc
 695              	.LFE141:
 697              		.section	.text.HAL_DBGMCU_EnableDBGSleepMode,"ax",%progbits
 698              		.align	1
 699              		.global	HAL_DBGMCU_EnableDBGSleepMode
 700              		.syntax unified
 701              		.thumb
 702              		.thumb_func
 703              		.fpu fpv4-sp-d16
 705              	HAL_DBGMCU_EnableDBGSleepMode:
 706              	.LFB142:
 459:Drivers/STM32F3xx_HAL_Driver/Src/stm32f3xx_hal.c **** 
 460:Drivers/STM32F3xx_HAL_Driver/Src/stm32f3xx_hal.c **** /**
 461:Drivers/STM32F3xx_HAL_Driver/Src/stm32f3xx_hal.c ****   * @brief  Enable the Debug Module during SLEEP mode
 462:Drivers/STM32F3xx_HAL_Driver/Src/stm32f3xx_hal.c ****   * @retval None
 463:Drivers/STM32F3xx_HAL_Driver/Src/stm32f3xx_hal.c ****   */
 464:Drivers/STM32F3xx_HAL_Driver/Src/stm32f3xx_hal.c **** void HAL_DBGMCU_EnableDBGSleepMode(void)
 465:Drivers/STM32F3xx_HAL_Driver/Src/stm32f3xx_hal.c **** {
 707              		.loc 1 465 1 is_stmt 1 view -0
 708              		.cfi_startproc
 709              		@ args = 0, pretend = 0, frame = 0
 710              		@ frame_needed = 0, uses_anonymous_args = 0
 711              		@ link register save eliminated.
 466:Drivers/STM32F3xx_HAL_Driver/Src/stm32f3xx_hal.c ****   SET_BIT(DBGMCU->CR, DBGMCU_CR_DBG_SLEEP);
 712              		.loc 1 466 3 view .LVU121
 713 0000 024A     		ldr	r2, .L65
 714 0002 5368     		ldr	r3, [r2, #4]
 715 0004 43F00103 		orr	r3, r3, #1
 716 0008 5360     		str	r3, [r2, #4]
 467:Drivers/STM32F3xx_HAL_Driver/Src/stm32f3xx_hal.c **** }
 717              		.loc 1 467 1 is_stmt 0 view .LVU122
 718 000a 7047     		bx	lr
 719              	.L66:
 720              		.align	2
 721              	.L65:
 722 000c 002004E0 		.word	-536600576
 723              		.cfi_endproc
 724              	.LFE142:
 726              		.section	.text.HAL_DBGMCU_DisableDBGSleepMode,"ax",%progbits
 727              		.align	1
 728              		.global	HAL_DBGMCU_DisableDBGSleepMode
 729              		.syntax unified
 730              		.thumb
 731              		.thumb_func
 732              		.fpu fpv4-sp-d16
 734              	HAL_DBGMCU_DisableDBGSleepMode:
 735              	.LFB143:
ARM GAS  /var/folders/bp/hbn4m0qx5z54srgsq53w67zh0000gr/T//ccC3YEne.s 			page 22


 468:Drivers/STM32F3xx_HAL_Driver/Src/stm32f3xx_hal.c **** 
 469:Drivers/STM32F3xx_HAL_Driver/Src/stm32f3xx_hal.c **** /**
 470:Drivers/STM32F3xx_HAL_Driver/Src/stm32f3xx_hal.c ****   * @brief  Disable the Debug Module during SLEEP mode
 471:Drivers/STM32F3xx_HAL_Driver/Src/stm32f3xx_hal.c ****   * @retval None
 472:Drivers/STM32F3xx_HAL_Driver/Src/stm32f3xx_hal.c ****   */
 473:Drivers/STM32F3xx_HAL_Driver/Src/stm32f3xx_hal.c **** void HAL_DBGMCU_DisableDBGSleepMode(void)
 474:Drivers/STM32F3xx_HAL_Driver/Src/stm32f3xx_hal.c **** {
 736              		.loc 1 474 1 is_stmt 1 view -0
 737              		.cfi_startproc
 738              		@ args = 0, pretend = 0, frame = 0
 739              		@ frame_needed = 0, uses_anonymous_args = 0
 740              		@ link register save eliminated.
 475:Drivers/STM32F3xx_HAL_Driver/Src/stm32f3xx_hal.c ****   CLEAR_BIT(DBGMCU->CR, DBGMCU_CR_DBG_SLEEP);
 741              		.loc 1 475 3 view .LVU124
 742 0000 024A     		ldr	r2, .L68
 743 0002 5368     		ldr	r3, [r2, #4]
 744 0004 23F00103 		bic	r3, r3, #1
 745 0008 5360     		str	r3, [r2, #4]
 476:Drivers/STM32F3xx_HAL_Driver/Src/stm32f3xx_hal.c **** }
 746              		.loc 1 476 1 is_stmt 0 view .LVU125
 747 000a 7047     		bx	lr
 748              	.L69:
 749              		.align	2
 750              	.L68:
 751 000c 002004E0 		.word	-536600576
 752              		.cfi_endproc
 753              	.LFE143:
 755              		.section	.text.HAL_DBGMCU_EnableDBGStopMode,"ax",%progbits
 756              		.align	1
 757              		.global	HAL_DBGMCU_EnableDBGStopMode
 758              		.syntax unified
 759              		.thumb
 760              		.thumb_func
 761              		.fpu fpv4-sp-d16
 763              	HAL_DBGMCU_EnableDBGStopMode:
 764              	.LFB144:
 477:Drivers/STM32F3xx_HAL_Driver/Src/stm32f3xx_hal.c **** 
 478:Drivers/STM32F3xx_HAL_Driver/Src/stm32f3xx_hal.c **** /**
 479:Drivers/STM32F3xx_HAL_Driver/Src/stm32f3xx_hal.c ****   * @brief  Enable the Debug Module during STOP mode
 480:Drivers/STM32F3xx_HAL_Driver/Src/stm32f3xx_hal.c ****   * @retval None
 481:Drivers/STM32F3xx_HAL_Driver/Src/stm32f3xx_hal.c ****   */
 482:Drivers/STM32F3xx_HAL_Driver/Src/stm32f3xx_hal.c **** void HAL_DBGMCU_EnableDBGStopMode(void)
 483:Drivers/STM32F3xx_HAL_Driver/Src/stm32f3xx_hal.c **** {
 765              		.loc 1 483 1 is_stmt 1 view -0
 766              		.cfi_startproc
 767              		@ args = 0, pretend = 0, frame = 0
 768              		@ frame_needed = 0, uses_anonymous_args = 0
 769              		@ link register save eliminated.
 484:Drivers/STM32F3xx_HAL_Driver/Src/stm32f3xx_hal.c ****   SET_BIT(DBGMCU->CR, DBGMCU_CR_DBG_STOP);
 770              		.loc 1 484 3 view .LVU127
 771 0000 024A     		ldr	r2, .L71
 772 0002 5368     		ldr	r3, [r2, #4]
 773 0004 43F00203 		orr	r3, r3, #2
 774 0008 5360     		str	r3, [r2, #4]
 485:Drivers/STM32F3xx_HAL_Driver/Src/stm32f3xx_hal.c **** }
 775              		.loc 1 485 1 is_stmt 0 view .LVU128
 776 000a 7047     		bx	lr
ARM GAS  /var/folders/bp/hbn4m0qx5z54srgsq53w67zh0000gr/T//ccC3YEne.s 			page 23


 777              	.L72:
 778              		.align	2
 779              	.L71:
 780 000c 002004E0 		.word	-536600576
 781              		.cfi_endproc
 782              	.LFE144:
 784              		.section	.text.HAL_DBGMCU_DisableDBGStopMode,"ax",%progbits
 785              		.align	1
 786              		.global	HAL_DBGMCU_DisableDBGStopMode
 787              		.syntax unified
 788              		.thumb
 789              		.thumb_func
 790              		.fpu fpv4-sp-d16
 792              	HAL_DBGMCU_DisableDBGStopMode:
 793              	.LFB145:
 486:Drivers/STM32F3xx_HAL_Driver/Src/stm32f3xx_hal.c **** 
 487:Drivers/STM32F3xx_HAL_Driver/Src/stm32f3xx_hal.c **** /**
 488:Drivers/STM32F3xx_HAL_Driver/Src/stm32f3xx_hal.c ****   * @brief  Disable the Debug Module during STOP mode
 489:Drivers/STM32F3xx_HAL_Driver/Src/stm32f3xx_hal.c ****   * @retval None
 490:Drivers/STM32F3xx_HAL_Driver/Src/stm32f3xx_hal.c ****   */
 491:Drivers/STM32F3xx_HAL_Driver/Src/stm32f3xx_hal.c **** void HAL_DBGMCU_DisableDBGStopMode(void)
 492:Drivers/STM32F3xx_HAL_Driver/Src/stm32f3xx_hal.c **** {
 794              		.loc 1 492 1 is_stmt 1 view -0
 795              		.cfi_startproc
 796              		@ args = 0, pretend = 0, frame = 0
 797              		@ frame_needed = 0, uses_anonymous_args = 0
 798              		@ link register save eliminated.
 493:Drivers/STM32F3xx_HAL_Driver/Src/stm32f3xx_hal.c ****   CLEAR_BIT(DBGMCU->CR, DBGMCU_CR_DBG_STOP);
 799              		.loc 1 493 3 view .LVU130
 800 0000 024A     		ldr	r2, .L74
 801 0002 5368     		ldr	r3, [r2, #4]
 802 0004 23F00203 		bic	r3, r3, #2
 803 0008 5360     		str	r3, [r2, #4]
 494:Drivers/STM32F3xx_HAL_Driver/Src/stm32f3xx_hal.c **** }
 804              		.loc 1 494 1 is_stmt 0 view .LVU131
 805 000a 7047     		bx	lr
 806              	.L75:
 807              		.align	2
 808              	.L74:
 809 000c 002004E0 		.word	-536600576
 810              		.cfi_endproc
 811              	.LFE145:
 813              		.section	.text.HAL_DBGMCU_EnableDBGStandbyMode,"ax",%progbits
 814              		.align	1
 815              		.global	HAL_DBGMCU_EnableDBGStandbyMode
 816              		.syntax unified
 817              		.thumb
 818              		.thumb_func
 819              		.fpu fpv4-sp-d16
 821              	HAL_DBGMCU_EnableDBGStandbyMode:
 822              	.LFB146:
 495:Drivers/STM32F3xx_HAL_Driver/Src/stm32f3xx_hal.c **** 
 496:Drivers/STM32F3xx_HAL_Driver/Src/stm32f3xx_hal.c **** /**
 497:Drivers/STM32F3xx_HAL_Driver/Src/stm32f3xx_hal.c ****   * @brief  Enable the Debug Module during STANDBY mode
 498:Drivers/STM32F3xx_HAL_Driver/Src/stm32f3xx_hal.c ****   * @retval None
 499:Drivers/STM32F3xx_HAL_Driver/Src/stm32f3xx_hal.c ****   */
 500:Drivers/STM32F3xx_HAL_Driver/Src/stm32f3xx_hal.c **** void HAL_DBGMCU_EnableDBGStandbyMode(void)
ARM GAS  /var/folders/bp/hbn4m0qx5z54srgsq53w67zh0000gr/T//ccC3YEne.s 			page 24


 501:Drivers/STM32F3xx_HAL_Driver/Src/stm32f3xx_hal.c **** {
 823              		.loc 1 501 1 is_stmt 1 view -0
 824              		.cfi_startproc
 825              		@ args = 0, pretend = 0, frame = 0
 826              		@ frame_needed = 0, uses_anonymous_args = 0
 827              		@ link register save eliminated.
 502:Drivers/STM32F3xx_HAL_Driver/Src/stm32f3xx_hal.c ****   SET_BIT(DBGMCU->CR, DBGMCU_CR_DBG_STANDBY);
 828              		.loc 1 502 3 view .LVU133
 829 0000 024A     		ldr	r2, .L77
 830 0002 5368     		ldr	r3, [r2, #4]
 831 0004 43F00403 		orr	r3, r3, #4
 832 0008 5360     		str	r3, [r2, #4]
 503:Drivers/STM32F3xx_HAL_Driver/Src/stm32f3xx_hal.c **** }
 833              		.loc 1 503 1 is_stmt 0 view .LVU134
 834 000a 7047     		bx	lr
 835              	.L78:
 836              		.align	2
 837              	.L77:
 838 000c 002004E0 		.word	-536600576
 839              		.cfi_endproc
 840              	.LFE146:
 842              		.section	.text.HAL_DBGMCU_DisableDBGStandbyMode,"ax",%progbits
 843              		.align	1
 844              		.global	HAL_DBGMCU_DisableDBGStandbyMode
 845              		.syntax unified
 846              		.thumb
 847              		.thumb_func
 848              		.fpu fpv4-sp-d16
 850              	HAL_DBGMCU_DisableDBGStandbyMode:
 851              	.LFB147:
 504:Drivers/STM32F3xx_HAL_Driver/Src/stm32f3xx_hal.c **** 
 505:Drivers/STM32F3xx_HAL_Driver/Src/stm32f3xx_hal.c **** /**
 506:Drivers/STM32F3xx_HAL_Driver/Src/stm32f3xx_hal.c ****   * @brief  Disable the Debug Module during STANDBY mode
 507:Drivers/STM32F3xx_HAL_Driver/Src/stm32f3xx_hal.c ****   * @retval None
 508:Drivers/STM32F3xx_HAL_Driver/Src/stm32f3xx_hal.c ****   */
 509:Drivers/STM32F3xx_HAL_Driver/Src/stm32f3xx_hal.c **** void HAL_DBGMCU_DisableDBGStandbyMode(void)
 510:Drivers/STM32F3xx_HAL_Driver/Src/stm32f3xx_hal.c **** {
 852              		.loc 1 510 1 is_stmt 1 view -0
 853              		.cfi_startproc
 854              		@ args = 0, pretend = 0, frame = 0
 855              		@ frame_needed = 0, uses_anonymous_args = 0
 856              		@ link register save eliminated.
 511:Drivers/STM32F3xx_HAL_Driver/Src/stm32f3xx_hal.c ****   CLEAR_BIT(DBGMCU->CR, DBGMCU_CR_DBG_STANDBY);
 857              		.loc 1 511 3 view .LVU136
 858 0000 024A     		ldr	r2, .L80
 859 0002 5368     		ldr	r3, [r2, #4]
 860 0004 23F00403 		bic	r3, r3, #4
 861 0008 5360     		str	r3, [r2, #4]
 512:Drivers/STM32F3xx_HAL_Driver/Src/stm32f3xx_hal.c **** }
 862              		.loc 1 512 1 is_stmt 0 view .LVU137
 863 000a 7047     		bx	lr
 864              	.L81:
 865              		.align	2
 866              	.L80:
 867 000c 002004E0 		.word	-536600576
 868              		.cfi_endproc
 869              	.LFE147:
ARM GAS  /var/folders/bp/hbn4m0qx5z54srgsq53w67zh0000gr/T//ccC3YEne.s 			page 25


 871              		.global	uwTickFreq
 872              		.global	uwTickPrio
 873              		.global	uwTick
 874              		.section	.bss.uwTick,"aw",%nobits
 875              		.align	2
 876              		.set	.LANCHOR2,. + 0
 879              	uwTick:
 880 0000 00000000 		.space	4
 881              		.section	.data.uwTickFreq,"aw"
 882              		.set	.LANCHOR0,. + 0
 885              	uwTickFreq:
 886 0000 01       		.byte	1
 887              		.section	.data.uwTickPrio,"aw"
 888              		.align	2
 889              		.set	.LANCHOR1,. + 0
 892              	uwTickPrio:
 893 0000 10000000 		.word	16
 894              		.text
 895              	.Letext0:
 896              		.file 2 "/opt/homebrew/Cellar/arm-none-eabi-gcc/10.3-2021.07/gcc/arm-none-eabi/include/machine/_de
 897              		.file 3 "/opt/homebrew/Cellar/arm-none-eabi-gcc/10.3-2021.07/gcc/arm-none-eabi/include/sys/_stdint
 898              		.file 4 "Drivers/CMSIS/Include/core_cm4.h"
 899              		.file 5 "Drivers/CMSIS/Device/ST/STM32F3xx/Include/stm32f303x8.h"
 900              		.file 6 "Drivers/STM32F3xx_HAL_Driver/Inc/stm32f3xx_hal_def.h"
 901              		.file 7 "Drivers/STM32F3xx_HAL_Driver/Inc/stm32f3xx_hal.h"
 902              		.file 8 "Drivers/CMSIS/Device/ST/STM32F3xx/Include/system_stm32f3xx.h"
 903              		.file 9 "Drivers/STM32F3xx_HAL_Driver/Inc/stm32f3xx_hal_cortex.h"
ARM GAS  /var/folders/bp/hbn4m0qx5z54srgsq53w67zh0000gr/T//ccC3YEne.s 			page 26


DEFINED SYMBOLS
                            *ABS*:0000000000000000 stm32f3xx_hal.c
/var/folders/bp/hbn4m0qx5z54srgsq53w67zh0000gr/T//ccC3YEne.s:18     .text.HAL_MspInit:0000000000000000 $t
/var/folders/bp/hbn4m0qx5z54srgsq53w67zh0000gr/T//ccC3YEne.s:26     .text.HAL_MspInit:0000000000000000 HAL_MspInit
/var/folders/bp/hbn4m0qx5z54srgsq53w67zh0000gr/T//ccC3YEne.s:40     .text.HAL_MspDeInit:0000000000000000 $t
/var/folders/bp/hbn4m0qx5z54srgsq53w67zh0000gr/T//ccC3YEne.s:47     .text.HAL_MspDeInit:0000000000000000 HAL_MspDeInit
/var/folders/bp/hbn4m0qx5z54srgsq53w67zh0000gr/T//ccC3YEne.s:60     .text.HAL_DeInit:0000000000000000 $t
/var/folders/bp/hbn4m0qx5z54srgsq53w67zh0000gr/T//ccC3YEne.s:67     .text.HAL_DeInit:0000000000000000 HAL_DeInit
/var/folders/bp/hbn4m0qx5z54srgsq53w67zh0000gr/T//ccC3YEne.s:103    .text.HAL_DeInit:0000000000000020 $d
/var/folders/bp/hbn4m0qx5z54srgsq53w67zh0000gr/T//ccC3YEne.s:108    .text.HAL_InitTick:0000000000000000 $t
/var/folders/bp/hbn4m0qx5z54srgsq53w67zh0000gr/T//ccC3YEne.s:115    .text.HAL_InitTick:0000000000000000 HAL_InitTick
/var/folders/bp/hbn4m0qx5z54srgsq53w67zh0000gr/T//ccC3YEne.s:178    .text.HAL_InitTick:0000000000000040 $d
/var/folders/bp/hbn4m0qx5z54srgsq53w67zh0000gr/T//ccC3YEne.s:185    .text.HAL_Init:0000000000000000 $t
/var/folders/bp/hbn4m0qx5z54srgsq53w67zh0000gr/T//ccC3YEne.s:192    .text.HAL_Init:0000000000000000 HAL_Init
/var/folders/bp/hbn4m0qx5z54srgsq53w67zh0000gr/T//ccC3YEne.s:226    .text.HAL_Init:0000000000000020 $d
/var/folders/bp/hbn4m0qx5z54srgsq53w67zh0000gr/T//ccC3YEne.s:231    .text.HAL_IncTick:0000000000000000 $t
/var/folders/bp/hbn4m0qx5z54srgsq53w67zh0000gr/T//ccC3YEne.s:238    .text.HAL_IncTick:0000000000000000 HAL_IncTick
/var/folders/bp/hbn4m0qx5z54srgsq53w67zh0000gr/T//ccC3YEne.s:258    .text.HAL_IncTick:0000000000000010 $d
/var/folders/bp/hbn4m0qx5z54srgsq53w67zh0000gr/T//ccC3YEne.s:264    .text.HAL_GetTick:0000000000000000 $t
/var/folders/bp/hbn4m0qx5z54srgsq53w67zh0000gr/T//ccC3YEne.s:271    .text.HAL_GetTick:0000000000000000 HAL_GetTick
/var/folders/bp/hbn4m0qx5z54srgsq53w67zh0000gr/T//ccC3YEne.s:287    .text.HAL_GetTick:0000000000000008 $d
/var/folders/bp/hbn4m0qx5z54srgsq53w67zh0000gr/T//ccC3YEne.s:292    .text.HAL_GetTickPrio:0000000000000000 $t
/var/folders/bp/hbn4m0qx5z54srgsq53w67zh0000gr/T//ccC3YEne.s:299    .text.HAL_GetTickPrio:0000000000000000 HAL_GetTickPrio
/var/folders/bp/hbn4m0qx5z54srgsq53w67zh0000gr/T//ccC3YEne.s:314    .text.HAL_GetTickPrio:0000000000000008 $d
/var/folders/bp/hbn4m0qx5z54srgsq53w67zh0000gr/T//ccC3YEne.s:319    .text.HAL_SetTickFreq:0000000000000000 $t
/var/folders/bp/hbn4m0qx5z54srgsq53w67zh0000gr/T//ccC3YEne.s:326    .text.HAL_SetTickFreq:0000000000000000 HAL_SetTickFreq
/var/folders/bp/hbn4m0qx5z54srgsq53w67zh0000gr/T//ccC3YEne.s:383    .text.HAL_SetTickFreq:0000000000000024 $d
/var/folders/bp/hbn4m0qx5z54srgsq53w67zh0000gr/T//ccC3YEne.s:389    .text.HAL_GetTickFreq:0000000000000000 $t
/var/folders/bp/hbn4m0qx5z54srgsq53w67zh0000gr/T//ccC3YEne.s:396    .text.HAL_GetTickFreq:0000000000000000 HAL_GetTickFreq
/var/folders/bp/hbn4m0qx5z54srgsq53w67zh0000gr/T//ccC3YEne.s:411    .text.HAL_GetTickFreq:0000000000000008 $d
/var/folders/bp/hbn4m0qx5z54srgsq53w67zh0000gr/T//ccC3YEne.s:416    .text.HAL_Delay:0000000000000000 $t
/var/folders/bp/hbn4m0qx5z54srgsq53w67zh0000gr/T//ccC3YEne.s:423    .text.HAL_Delay:0000000000000000 HAL_Delay
/var/folders/bp/hbn4m0qx5z54srgsq53w67zh0000gr/T//ccC3YEne.s:476    .text.HAL_Delay:0000000000000024 $d
/var/folders/bp/hbn4m0qx5z54srgsq53w67zh0000gr/T//ccC3YEne.s:481    .text.HAL_SuspendTick:0000000000000000 $t
/var/folders/bp/hbn4m0qx5z54srgsq53w67zh0000gr/T//ccC3YEne.s:488    .text.HAL_SuspendTick:0000000000000000 HAL_SuspendTick
/var/folders/bp/hbn4m0qx5z54srgsq53w67zh0000gr/T//ccC3YEne.s:507    .text.HAL_ResumeTick:0000000000000000 $t
/var/folders/bp/hbn4m0qx5z54srgsq53w67zh0000gr/T//ccC3YEne.s:514    .text.HAL_ResumeTick:0000000000000000 HAL_ResumeTick
/var/folders/bp/hbn4m0qx5z54srgsq53w67zh0000gr/T//ccC3YEne.s:533    .text.HAL_GetHalVersion:0000000000000000 $t
/var/folders/bp/hbn4m0qx5z54srgsq53w67zh0000gr/T//ccC3YEne.s:540    .text.HAL_GetHalVersion:0000000000000000 HAL_GetHalVersion
/var/folders/bp/hbn4m0qx5z54srgsq53w67zh0000gr/T//ccC3YEne.s:554    .text.HAL_GetHalVersion:0000000000000004 $d
/var/folders/bp/hbn4m0qx5z54srgsq53w67zh0000gr/T//ccC3YEne.s:559    .text.HAL_GetREVID:0000000000000000 $t
/var/folders/bp/hbn4m0qx5z54srgsq53w67zh0000gr/T//ccC3YEne.s:566    .text.HAL_GetREVID:0000000000000000 HAL_GetREVID
/var/folders/bp/hbn4m0qx5z54srgsq53w67zh0000gr/T//ccC3YEne.s:583    .text.HAL_GetREVID:0000000000000008 $d
/var/folders/bp/hbn4m0qx5z54srgsq53w67zh0000gr/T//ccC3YEne.s:588    .text.HAL_GetDEVID:0000000000000000 $t
/var/folders/bp/hbn4m0qx5z54srgsq53w67zh0000gr/T//ccC3YEne.s:595    .text.HAL_GetDEVID:0000000000000000 HAL_GetDEVID
/var/folders/bp/hbn4m0qx5z54srgsq53w67zh0000gr/T//ccC3YEne.s:612    .text.HAL_GetDEVID:000000000000000c $d
/var/folders/bp/hbn4m0qx5z54srgsq53w67zh0000gr/T//ccC3YEne.s:617    .text.HAL_GetUIDw0:0000000000000000 $t
/var/folders/bp/hbn4m0qx5z54srgsq53w67zh0000gr/T//ccC3YEne.s:624    .text.HAL_GetUIDw0:0000000000000000 HAL_GetUIDw0
/var/folders/bp/hbn4m0qx5z54srgsq53w67zh0000gr/T//ccC3YEne.s:639    .text.HAL_GetUIDw0:0000000000000008 $d
/var/folders/bp/hbn4m0qx5z54srgsq53w67zh0000gr/T//ccC3YEne.s:644    .text.HAL_GetUIDw1:0000000000000000 $t
/var/folders/bp/hbn4m0qx5z54srgsq53w67zh0000gr/T//ccC3YEne.s:651    .text.HAL_GetUIDw1:0000000000000000 HAL_GetUIDw1
/var/folders/bp/hbn4m0qx5z54srgsq53w67zh0000gr/T//ccC3YEne.s:666    .text.HAL_GetUIDw1:0000000000000008 $d
/var/folders/bp/hbn4m0qx5z54srgsq53w67zh0000gr/T//ccC3YEne.s:671    .text.HAL_GetUIDw2:0000000000000000 $t
/var/folders/bp/hbn4m0qx5z54srgsq53w67zh0000gr/T//ccC3YEne.s:678    .text.HAL_GetUIDw2:0000000000000000 HAL_GetUIDw2
/var/folders/bp/hbn4m0qx5z54srgsq53w67zh0000gr/T//ccC3YEne.s:693    .text.HAL_GetUIDw2:0000000000000008 $d
/var/folders/bp/hbn4m0qx5z54srgsq53w67zh0000gr/T//ccC3YEne.s:698    .text.HAL_DBGMCU_EnableDBGSleepMode:0000000000000000 $t
/var/folders/bp/hbn4m0qx5z54srgsq53w67zh0000gr/T//ccC3YEne.s:705    .text.HAL_DBGMCU_EnableDBGSleepMode:0000000000000000 HAL_DBGMCU_EnableDBGSleepMode
ARM GAS  /var/folders/bp/hbn4m0qx5z54srgsq53w67zh0000gr/T//ccC3YEne.s 			page 27


/var/folders/bp/hbn4m0qx5z54srgsq53w67zh0000gr/T//ccC3YEne.s:722    .text.HAL_DBGMCU_EnableDBGSleepMode:000000000000000c $d
/var/folders/bp/hbn4m0qx5z54srgsq53w67zh0000gr/T//ccC3YEne.s:727    .text.HAL_DBGMCU_DisableDBGSleepMode:0000000000000000 $t
/var/folders/bp/hbn4m0qx5z54srgsq53w67zh0000gr/T//ccC3YEne.s:734    .text.HAL_DBGMCU_DisableDBGSleepMode:0000000000000000 HAL_DBGMCU_DisableDBGSleepMode
/var/folders/bp/hbn4m0qx5z54srgsq53w67zh0000gr/T//ccC3YEne.s:751    .text.HAL_DBGMCU_DisableDBGSleepMode:000000000000000c $d
/var/folders/bp/hbn4m0qx5z54srgsq53w67zh0000gr/T//ccC3YEne.s:756    .text.HAL_DBGMCU_EnableDBGStopMode:0000000000000000 $t
/var/folders/bp/hbn4m0qx5z54srgsq53w67zh0000gr/T//ccC3YEne.s:763    .text.HAL_DBGMCU_EnableDBGStopMode:0000000000000000 HAL_DBGMCU_EnableDBGStopMode
/var/folders/bp/hbn4m0qx5z54srgsq53w67zh0000gr/T//ccC3YEne.s:780    .text.HAL_DBGMCU_EnableDBGStopMode:000000000000000c $d
/var/folders/bp/hbn4m0qx5z54srgsq53w67zh0000gr/T//ccC3YEne.s:785    .text.HAL_DBGMCU_DisableDBGStopMode:0000000000000000 $t
/var/folders/bp/hbn4m0qx5z54srgsq53w67zh0000gr/T//ccC3YEne.s:792    .text.HAL_DBGMCU_DisableDBGStopMode:0000000000000000 HAL_DBGMCU_DisableDBGStopMode
/var/folders/bp/hbn4m0qx5z54srgsq53w67zh0000gr/T//ccC3YEne.s:809    .text.HAL_DBGMCU_DisableDBGStopMode:000000000000000c $d
/var/folders/bp/hbn4m0qx5z54srgsq53w67zh0000gr/T//ccC3YEne.s:814    .text.HAL_DBGMCU_EnableDBGStandbyMode:0000000000000000 $t
/var/folders/bp/hbn4m0qx5z54srgsq53w67zh0000gr/T//ccC3YEne.s:821    .text.HAL_DBGMCU_EnableDBGStandbyMode:0000000000000000 HAL_DBGMCU_EnableDBGStandbyMode
/var/folders/bp/hbn4m0qx5z54srgsq53w67zh0000gr/T//ccC3YEne.s:838    .text.HAL_DBGMCU_EnableDBGStandbyMode:000000000000000c $d
/var/folders/bp/hbn4m0qx5z54srgsq53w67zh0000gr/T//ccC3YEne.s:843    .text.HAL_DBGMCU_DisableDBGStandbyMode:0000000000000000 $t
/var/folders/bp/hbn4m0qx5z54srgsq53w67zh0000gr/T//ccC3YEne.s:850    .text.HAL_DBGMCU_DisableDBGStandbyMode:0000000000000000 HAL_DBGMCU_DisableDBGStandbyMode
/var/folders/bp/hbn4m0qx5z54srgsq53w67zh0000gr/T//ccC3YEne.s:867    .text.HAL_DBGMCU_DisableDBGStandbyMode:000000000000000c $d
/var/folders/bp/hbn4m0qx5z54srgsq53w67zh0000gr/T//ccC3YEne.s:885    .data.uwTickFreq:0000000000000000 uwTickFreq
/var/folders/bp/hbn4m0qx5z54srgsq53w67zh0000gr/T//ccC3YEne.s:892    .data.uwTickPrio:0000000000000000 uwTickPrio
/var/folders/bp/hbn4m0qx5z54srgsq53w67zh0000gr/T//ccC3YEne.s:879    .bss.uwTick:0000000000000000 uwTick
/var/folders/bp/hbn4m0qx5z54srgsq53w67zh0000gr/T//ccC3YEne.s:875    .bss.uwTick:0000000000000000 $d
/var/folders/bp/hbn4m0qx5z54srgsq53w67zh0000gr/T//ccC3YEne.s:888    .data.uwTickPrio:0000000000000000 $d

UNDEFINED SYMBOLS
HAL_SYSTICK_Config
HAL_NVIC_SetPriority
SystemCoreClock
HAL_NVIC_SetPriorityGrouping
