ARM GAS  /var/folders/bp/hbn4m0qx5z54srgsq53w67zh0000gr/T//ccxFoxSZ.s 			page 1


   1              		.cpu cortex-m4
   2              		.eabi_attribute 27, 1
   3              		.eabi_attribute 28, 1
   4              		.eabi_attribute 20, 1
   5              		.eabi_attribute 21, 1
   6              		.eabi_attribute 23, 3
   7              		.eabi_attribute 24, 1
   8              		.eabi_attribute 25, 1
   9              		.eabi_attribute 26, 1
  10              		.eabi_attribute 30, 1
  11              		.eabi_attribute 34, 1
  12              		.eabi_attribute 18, 4
  13              		.file	"stm32f3xx_it.c"
  14              		.text
  15              	.Ltext0:
  16              		.cfi_sections	.debug_frame
  17              		.section	.text.NMI_Handler,"ax",%progbits
  18              		.align	1
  19              		.global	NMI_Handler
  20              		.arch armv7e-m
  21              		.syntax unified
  22              		.thumb
  23              		.thumb_func
  24              		.fpu fpv4-sp-d16
  26              	NMI_Handler:
  27              	.LFB127:
  28              		.file 1 "Core/Src/stm32f3xx_it.c"
   1:Core/Src/stm32f3xx_it.c **** /* USER CODE BEGIN Header */
   2:Core/Src/stm32f3xx_it.c **** /**
   3:Core/Src/stm32f3xx_it.c ****   ******************************************************************************
   4:Core/Src/stm32f3xx_it.c ****   * @file    stm32f3xx_it.c
   5:Core/Src/stm32f3xx_it.c ****   * @brief   Interrupt Service Routines.
   6:Core/Src/stm32f3xx_it.c ****   ******************************************************************************
   7:Core/Src/stm32f3xx_it.c ****   * @attention
   8:Core/Src/stm32f3xx_it.c ****   *
   9:Core/Src/stm32f3xx_it.c ****   * Copyright (c) 2023 STMicroelectronics.
  10:Core/Src/stm32f3xx_it.c ****   * All rights reserved.
  11:Core/Src/stm32f3xx_it.c ****   *
  12:Core/Src/stm32f3xx_it.c ****   * This software is licensed under terms that can be found in the LICENSE file
  13:Core/Src/stm32f3xx_it.c ****   * in the root directory of this software component.
  14:Core/Src/stm32f3xx_it.c ****   * If no LICENSE file comes with this software, it is provided AS-IS.
  15:Core/Src/stm32f3xx_it.c ****   *
  16:Core/Src/stm32f3xx_it.c ****   ******************************************************************************
  17:Core/Src/stm32f3xx_it.c ****   */
  18:Core/Src/stm32f3xx_it.c **** /* USER CODE END Header */
  19:Core/Src/stm32f3xx_it.c **** 
  20:Core/Src/stm32f3xx_it.c **** /* Includes ------------------------------------------------------------------*/
  21:Core/Src/stm32f3xx_it.c **** #include "main.h"
  22:Core/Src/stm32f3xx_it.c **** #include "stm32f3xx_it.h"
  23:Core/Src/stm32f3xx_it.c **** #include "FreeRTOS.h"
  24:Core/Src/stm32f3xx_it.c **** #include "task.h"
  25:Core/Src/stm32f3xx_it.c **** /* Private includes ----------------------------------------------------------*/
  26:Core/Src/stm32f3xx_it.c **** /* USER CODE BEGIN Includes */
  27:Core/Src/stm32f3xx_it.c **** /* USER CODE END Includes */
  28:Core/Src/stm32f3xx_it.c **** 
  29:Core/Src/stm32f3xx_it.c **** /* Private typedef -----------------------------------------------------------*/
  30:Core/Src/stm32f3xx_it.c **** /* USER CODE BEGIN TD */
ARM GAS  /var/folders/bp/hbn4m0qx5z54srgsq53w67zh0000gr/T//ccxFoxSZ.s 			page 2


  31:Core/Src/stm32f3xx_it.c **** 
  32:Core/Src/stm32f3xx_it.c **** /* USER CODE END TD */
  33:Core/Src/stm32f3xx_it.c **** 
  34:Core/Src/stm32f3xx_it.c **** /* Private define ------------------------------------------------------------*/
  35:Core/Src/stm32f3xx_it.c **** /* USER CODE BEGIN PD */
  36:Core/Src/stm32f3xx_it.c **** 
  37:Core/Src/stm32f3xx_it.c **** /* USER CODE END PD */
  38:Core/Src/stm32f3xx_it.c **** 
  39:Core/Src/stm32f3xx_it.c **** /* Private macro -------------------------------------------------------------*/
  40:Core/Src/stm32f3xx_it.c **** /* USER CODE BEGIN PM */
  41:Core/Src/stm32f3xx_it.c **** 
  42:Core/Src/stm32f3xx_it.c **** /* USER CODE END PM */
  43:Core/Src/stm32f3xx_it.c **** 
  44:Core/Src/stm32f3xx_it.c **** /* Private variables ---------------------------------------------------------*/
  45:Core/Src/stm32f3xx_it.c **** /* USER CODE BEGIN PV */
  46:Core/Src/stm32f3xx_it.c **** 
  47:Core/Src/stm32f3xx_it.c **** /* USER CODE END PV */
  48:Core/Src/stm32f3xx_it.c **** 
  49:Core/Src/stm32f3xx_it.c **** /* Private function prototypes -----------------------------------------------*/
  50:Core/Src/stm32f3xx_it.c **** /* USER CODE BEGIN PFP */
  51:Core/Src/stm32f3xx_it.c **** 
  52:Core/Src/stm32f3xx_it.c **** /* USER CODE END PFP */
  53:Core/Src/stm32f3xx_it.c **** 
  54:Core/Src/stm32f3xx_it.c **** /* Private user code ---------------------------------------------------------*/
  55:Core/Src/stm32f3xx_it.c **** /* USER CODE BEGIN 0 */
  56:Core/Src/stm32f3xx_it.c **** 
  57:Core/Src/stm32f3xx_it.c **** /* USER CODE END 0 */
  58:Core/Src/stm32f3xx_it.c **** 
  59:Core/Src/stm32f3xx_it.c **** /* External variables --------------------------------------------------------*/
  60:Core/Src/stm32f3xx_it.c **** 
  61:Core/Src/stm32f3xx_it.c **** /* USER CODE BEGIN EV */
  62:Core/Src/stm32f3xx_it.c **** 
  63:Core/Src/stm32f3xx_it.c **** /* USER CODE END EV */
  64:Core/Src/stm32f3xx_it.c **** 
  65:Core/Src/stm32f3xx_it.c **** /******************************************************************************/
  66:Core/Src/stm32f3xx_it.c **** /*           Cortex-M4 Processor Interruption and Exception Handlers          */
  67:Core/Src/stm32f3xx_it.c **** /******************************************************************************/
  68:Core/Src/stm32f3xx_it.c **** /**
  69:Core/Src/stm32f3xx_it.c ****   * @brief This function handles Non maskable interrupt.
  70:Core/Src/stm32f3xx_it.c ****   */
  71:Core/Src/stm32f3xx_it.c **** void NMI_Handler(void)
  72:Core/Src/stm32f3xx_it.c **** {
  29              		.loc 1 72 1 view -0
  30              		.cfi_startproc
  31              		@ Volatile: function does not return.
  32              		@ args = 0, pretend = 0, frame = 0
  33              		@ frame_needed = 0, uses_anonymous_args = 0
  34              		@ link register save eliminated.
  35              	.L2:
  73:Core/Src/stm32f3xx_it.c ****   /* USER CODE BEGIN NonMaskableInt_IRQn 0 */
  74:Core/Src/stm32f3xx_it.c **** 
  75:Core/Src/stm32f3xx_it.c ****   /* USER CODE END NonMaskableInt_IRQn 0 */
  76:Core/Src/stm32f3xx_it.c ****   /* USER CODE BEGIN NonMaskableInt_IRQn 1 */
  77:Core/Src/stm32f3xx_it.c ****   while (1)
  36              		.loc 1 77 3 discriminator 1 view .LVU1
  78:Core/Src/stm32f3xx_it.c ****   {
  79:Core/Src/stm32f3xx_it.c ****   }
ARM GAS  /var/folders/bp/hbn4m0qx5z54srgsq53w67zh0000gr/T//ccxFoxSZ.s 			page 3


  37              		.loc 1 79 3 discriminator 1 view .LVU2
  77:Core/Src/stm32f3xx_it.c ****   {
  38              		.loc 1 77 9 discriminator 1 view .LVU3
  39 0000 FEE7     		b	.L2
  40              		.cfi_endproc
  41              	.LFE127:
  43              		.section	.text.HardFault_Handler,"ax",%progbits
  44              		.align	1
  45              		.global	HardFault_Handler
  46              		.syntax unified
  47              		.thumb
  48              		.thumb_func
  49              		.fpu fpv4-sp-d16
  51              	HardFault_Handler:
  52              	.LFB128:
  80:Core/Src/stm32f3xx_it.c ****   /* USER CODE END NonMaskableInt_IRQn 1 */
  81:Core/Src/stm32f3xx_it.c **** }
  82:Core/Src/stm32f3xx_it.c **** 
  83:Core/Src/stm32f3xx_it.c **** /**
  84:Core/Src/stm32f3xx_it.c ****   * @brief This function handles Hard fault interrupt.
  85:Core/Src/stm32f3xx_it.c ****   */
  86:Core/Src/stm32f3xx_it.c **** void HardFault_Handler(void)
  87:Core/Src/stm32f3xx_it.c **** {
  53              		.loc 1 87 1 view -0
  54              		.cfi_startproc
  55              		@ Volatile: function does not return.
  56              		@ args = 0, pretend = 0, frame = 0
  57              		@ frame_needed = 0, uses_anonymous_args = 0
  58              		@ link register save eliminated.
  59              	.L4:
  88:Core/Src/stm32f3xx_it.c ****   /* USER CODE BEGIN HardFault_IRQn 0 */
  89:Core/Src/stm32f3xx_it.c **** 
  90:Core/Src/stm32f3xx_it.c ****   /* USER CODE END HardFault_IRQn 0 */
  91:Core/Src/stm32f3xx_it.c ****   while (1)
  60              		.loc 1 91 3 discriminator 1 view .LVU5
  92:Core/Src/stm32f3xx_it.c ****   {
  93:Core/Src/stm32f3xx_it.c ****     /* USER CODE BEGIN W1_HardFault_IRQn 0 */
  94:Core/Src/stm32f3xx_it.c ****     /* USER CODE END W1_HardFault_IRQn 0 */
  95:Core/Src/stm32f3xx_it.c ****   }
  61              		.loc 1 95 3 discriminator 1 view .LVU6
  91:Core/Src/stm32f3xx_it.c ****   {
  62              		.loc 1 91 9 discriminator 1 view .LVU7
  63 0000 FEE7     		b	.L4
  64              		.cfi_endproc
  65              	.LFE128:
  67              		.section	.text.MemManage_Handler,"ax",%progbits
  68              		.align	1
  69              		.global	MemManage_Handler
  70              		.syntax unified
  71              		.thumb
  72              		.thumb_func
  73              		.fpu fpv4-sp-d16
  75              	MemManage_Handler:
  76              	.LFB129:
  96:Core/Src/stm32f3xx_it.c **** }
  97:Core/Src/stm32f3xx_it.c **** 
  98:Core/Src/stm32f3xx_it.c **** /**
ARM GAS  /var/folders/bp/hbn4m0qx5z54srgsq53w67zh0000gr/T//ccxFoxSZ.s 			page 4


  99:Core/Src/stm32f3xx_it.c ****   * @brief This function handles Memory management fault.
 100:Core/Src/stm32f3xx_it.c ****   */
 101:Core/Src/stm32f3xx_it.c **** void MemManage_Handler(void)
 102:Core/Src/stm32f3xx_it.c **** {
  77              		.loc 1 102 1 view -0
  78              		.cfi_startproc
  79              		@ Volatile: function does not return.
  80              		@ args = 0, pretend = 0, frame = 0
  81              		@ frame_needed = 0, uses_anonymous_args = 0
  82              		@ link register save eliminated.
  83              	.L6:
 103:Core/Src/stm32f3xx_it.c ****   /* USER CODE BEGIN MemoryManagement_IRQn 0 */
 104:Core/Src/stm32f3xx_it.c **** 
 105:Core/Src/stm32f3xx_it.c ****   /* USER CODE END MemoryManagement_IRQn 0 */
 106:Core/Src/stm32f3xx_it.c ****   while (1)
  84              		.loc 1 106 3 discriminator 1 view .LVU9
 107:Core/Src/stm32f3xx_it.c ****   {
 108:Core/Src/stm32f3xx_it.c ****     /* USER CODE BEGIN W1_MemoryManagement_IRQn 0 */
 109:Core/Src/stm32f3xx_it.c ****     /* USER CODE END W1_MemoryManagement_IRQn 0 */
 110:Core/Src/stm32f3xx_it.c ****   }
  85              		.loc 1 110 3 discriminator 1 view .LVU10
 106:Core/Src/stm32f3xx_it.c ****   {
  86              		.loc 1 106 9 discriminator 1 view .LVU11
  87 0000 FEE7     		b	.L6
  88              		.cfi_endproc
  89              	.LFE129:
  91              		.section	.text.BusFault_Handler,"ax",%progbits
  92              		.align	1
  93              		.global	BusFault_Handler
  94              		.syntax unified
  95              		.thumb
  96              		.thumb_func
  97              		.fpu fpv4-sp-d16
  99              	BusFault_Handler:
 100              	.LFB130:
 111:Core/Src/stm32f3xx_it.c **** }
 112:Core/Src/stm32f3xx_it.c **** 
 113:Core/Src/stm32f3xx_it.c **** /**
 114:Core/Src/stm32f3xx_it.c ****   * @brief This function handles Pre-fetch fault, memory access fault.
 115:Core/Src/stm32f3xx_it.c ****   */
 116:Core/Src/stm32f3xx_it.c **** void BusFault_Handler(void)
 117:Core/Src/stm32f3xx_it.c **** {
 101              		.loc 1 117 1 view -0
 102              		.cfi_startproc
 103              		@ Volatile: function does not return.
 104              		@ args = 0, pretend = 0, frame = 0
 105              		@ frame_needed = 0, uses_anonymous_args = 0
 106              		@ link register save eliminated.
 107              	.L8:
 118:Core/Src/stm32f3xx_it.c ****   /* USER CODE BEGIN BusFault_IRQn 0 */
 119:Core/Src/stm32f3xx_it.c **** 
 120:Core/Src/stm32f3xx_it.c ****   /* USER CODE END BusFault_IRQn 0 */
 121:Core/Src/stm32f3xx_it.c ****   while (1)
 108              		.loc 1 121 3 discriminator 1 view .LVU13
 122:Core/Src/stm32f3xx_it.c ****   {
 123:Core/Src/stm32f3xx_it.c ****     /* USER CODE BEGIN W1_BusFault_IRQn 0 */
 124:Core/Src/stm32f3xx_it.c ****     /* USER CODE END W1_BusFault_IRQn 0 */
ARM GAS  /var/folders/bp/hbn4m0qx5z54srgsq53w67zh0000gr/T//ccxFoxSZ.s 			page 5


 125:Core/Src/stm32f3xx_it.c ****   }
 109              		.loc 1 125 3 discriminator 1 view .LVU14
 121:Core/Src/stm32f3xx_it.c ****   {
 110              		.loc 1 121 9 discriminator 1 view .LVU15
 111 0000 FEE7     		b	.L8
 112              		.cfi_endproc
 113              	.LFE130:
 115              		.section	.text.UsageFault_Handler,"ax",%progbits
 116              		.align	1
 117              		.global	UsageFault_Handler
 118              		.syntax unified
 119              		.thumb
 120              		.thumb_func
 121              		.fpu fpv4-sp-d16
 123              	UsageFault_Handler:
 124              	.LFB131:
 126:Core/Src/stm32f3xx_it.c **** }
 127:Core/Src/stm32f3xx_it.c **** 
 128:Core/Src/stm32f3xx_it.c **** /**
 129:Core/Src/stm32f3xx_it.c ****   * @brief This function handles Undefined instruction or illegal state.
 130:Core/Src/stm32f3xx_it.c ****   */
 131:Core/Src/stm32f3xx_it.c **** void UsageFault_Handler(void)
 132:Core/Src/stm32f3xx_it.c **** {
 125              		.loc 1 132 1 view -0
 126              		.cfi_startproc
 127              		@ Volatile: function does not return.
 128              		@ args = 0, pretend = 0, frame = 0
 129              		@ frame_needed = 0, uses_anonymous_args = 0
 130              		@ link register save eliminated.
 131              	.L10:
 133:Core/Src/stm32f3xx_it.c ****   /* USER CODE BEGIN UsageFault_IRQn 0 */
 134:Core/Src/stm32f3xx_it.c **** 
 135:Core/Src/stm32f3xx_it.c ****   /* USER CODE END UsageFault_IRQn 0 */
 136:Core/Src/stm32f3xx_it.c ****   while (1)
 132              		.loc 1 136 3 discriminator 1 view .LVU17
 137:Core/Src/stm32f3xx_it.c ****   {
 138:Core/Src/stm32f3xx_it.c ****     /* USER CODE BEGIN W1_UsageFault_IRQn 0 */
 139:Core/Src/stm32f3xx_it.c ****     /* USER CODE END W1_UsageFault_IRQn 0 */
 140:Core/Src/stm32f3xx_it.c ****   }
 133              		.loc 1 140 3 discriminator 1 view .LVU18
 136:Core/Src/stm32f3xx_it.c ****   {
 134              		.loc 1 136 9 discriminator 1 view .LVU19
 135 0000 FEE7     		b	.L10
 136              		.cfi_endproc
 137              	.LFE131:
 139              		.section	.text.DebugMon_Handler,"ax",%progbits
 140              		.align	1
 141              		.global	DebugMon_Handler
 142              		.syntax unified
 143              		.thumb
 144              		.thumb_func
 145              		.fpu fpv4-sp-d16
 147              	DebugMon_Handler:
 148              	.LFB132:
 141:Core/Src/stm32f3xx_it.c **** }
 142:Core/Src/stm32f3xx_it.c **** 
 143:Core/Src/stm32f3xx_it.c **** /**
ARM GAS  /var/folders/bp/hbn4m0qx5z54srgsq53w67zh0000gr/T//ccxFoxSZ.s 			page 6


 144:Core/Src/stm32f3xx_it.c ****   * @brief This function handles Debug monitor.
 145:Core/Src/stm32f3xx_it.c ****   */
 146:Core/Src/stm32f3xx_it.c **** void DebugMon_Handler(void)
 147:Core/Src/stm32f3xx_it.c **** {
 149              		.loc 1 147 1 view -0
 150              		.cfi_startproc
 151              		@ args = 0, pretend = 0, frame = 0
 152              		@ frame_needed = 0, uses_anonymous_args = 0
 153              		@ link register save eliminated.
 148:Core/Src/stm32f3xx_it.c ****   /* USER CODE BEGIN DebugMonitor_IRQn 0 */
 149:Core/Src/stm32f3xx_it.c **** 
 150:Core/Src/stm32f3xx_it.c ****   /* USER CODE END DebugMonitor_IRQn 0 */
 151:Core/Src/stm32f3xx_it.c ****   /* USER CODE BEGIN DebugMonitor_IRQn 1 */
 152:Core/Src/stm32f3xx_it.c **** 
 153:Core/Src/stm32f3xx_it.c ****   /* USER CODE END DebugMonitor_IRQn 1 */
 154:Core/Src/stm32f3xx_it.c **** }
 154              		.loc 1 154 1 view .LVU21
 155 0000 7047     		bx	lr
 156              		.cfi_endproc
 157              	.LFE132:
 159              		.section	.text.SysTick_Handler,"ax",%progbits
 160              		.align	1
 161              		.global	SysTick_Handler
 162              		.syntax unified
 163              		.thumb
 164              		.thumb_func
 165              		.fpu fpv4-sp-d16
 167              	SysTick_Handler:
 168              	.LFB133:
 155:Core/Src/stm32f3xx_it.c **** 
 156:Core/Src/stm32f3xx_it.c **** /**
 157:Core/Src/stm32f3xx_it.c ****   * @brief This function handles System tick timer.
 158:Core/Src/stm32f3xx_it.c ****   */
 159:Core/Src/stm32f3xx_it.c **** void SysTick_Handler(void)
 160:Core/Src/stm32f3xx_it.c **** {
 169              		.loc 1 160 1 view -0
 170              		.cfi_startproc
 171              		@ args = 0, pretend = 0, frame = 0
 172              		@ frame_needed = 0, uses_anonymous_args = 0
 173 0000 08B5     		push	{r3, lr}
 174              	.LCFI0:
 175              		.cfi_def_cfa_offset 8
 176              		.cfi_offset 3, -8
 177              		.cfi_offset 14, -4
 161:Core/Src/stm32f3xx_it.c ****   /* USER CODE BEGIN SysTick_IRQn 0 */
 162:Core/Src/stm32f3xx_it.c **** 
 163:Core/Src/stm32f3xx_it.c ****   /* USER CODE END SysTick_IRQn 0 */
 164:Core/Src/stm32f3xx_it.c ****   HAL_IncTick();
 178              		.loc 1 164 3 view .LVU23
 179 0002 FFF7FEFF 		bl	HAL_IncTick
 180              	.LVL0:
 165:Core/Src/stm32f3xx_it.c **** #if (INCLUDE_xTaskGetSchedulerState == 1 )
 166:Core/Src/stm32f3xx_it.c ****   if (xTaskGetSchedulerState() != taskSCHEDULER_NOT_STARTED)
 181              		.loc 1 166 3 view .LVU24
 182              		.loc 1 166 7 is_stmt 0 view .LVU25
 183 0006 FFF7FEFF 		bl	xTaskGetSchedulerState
 184              	.LVL1:
ARM GAS  /var/folders/bp/hbn4m0qx5z54srgsq53w67zh0000gr/T//ccxFoxSZ.s 			page 7


 185              		.loc 1 166 6 view .LVU26
 186 000a 0128     		cmp	r0, #1
 187 000c 00D1     		bne	.L15
 188              	.L12:
 167:Core/Src/stm32f3xx_it.c ****   {
 168:Core/Src/stm32f3xx_it.c **** #endif /* INCLUDE_xTaskGetSchedulerState */
 169:Core/Src/stm32f3xx_it.c ****   xPortSysTickHandler();
 170:Core/Src/stm32f3xx_it.c **** #if (INCLUDE_xTaskGetSchedulerState == 1 )
 171:Core/Src/stm32f3xx_it.c ****   }
 172:Core/Src/stm32f3xx_it.c **** #endif /* INCLUDE_xTaskGetSchedulerState */
 173:Core/Src/stm32f3xx_it.c ****   /* USER CODE BEGIN SysTick_IRQn 1 */
 174:Core/Src/stm32f3xx_it.c **** 
 175:Core/Src/stm32f3xx_it.c ****   /* USER CODE END SysTick_IRQn 1 */
 176:Core/Src/stm32f3xx_it.c **** }
 189              		.loc 1 176 1 view .LVU27
 190 000e 08BD     		pop	{r3, pc}
 191              	.L15:
 169:Core/Src/stm32f3xx_it.c **** #if (INCLUDE_xTaskGetSchedulerState == 1 )
 192              		.loc 1 169 3 is_stmt 1 view .LVU28
 193 0010 FFF7FEFF 		bl	xPortSysTickHandler
 194              	.LVL2:
 195              		.loc 1 176 1 is_stmt 0 view .LVU29
 196 0014 FBE7     		b	.L12
 197              		.cfi_endproc
 198              	.LFE133:
 200              		.text
 201              	.Letext0:
 202              		.file 2 "Drivers/STM32F3xx_HAL_Driver/Inc/stm32f3xx_hal.h"
 203              		.file 3 "Middlewares/Third_Party/FreeRTOS/Source/include/task.h"
 204              		.file 4 "Core/Inc/FreeRTOSConfig.h"
 205              		.file 5 "Middlewares/Third_Party/FreeRTOS/Source/portable/GCC/ARM_CM4F/portmacro.h"
ARM GAS  /var/folders/bp/hbn4m0qx5z54srgsq53w67zh0000gr/T//ccxFoxSZ.s 			page 8


DEFINED SYMBOLS
                            *ABS*:0000000000000000 stm32f3xx_it.c
/var/folders/bp/hbn4m0qx5z54srgsq53w67zh0000gr/T//ccxFoxSZ.s:18     .text.NMI_Handler:0000000000000000 $t
/var/folders/bp/hbn4m0qx5z54srgsq53w67zh0000gr/T//ccxFoxSZ.s:26     .text.NMI_Handler:0000000000000000 NMI_Handler
/var/folders/bp/hbn4m0qx5z54srgsq53w67zh0000gr/T//ccxFoxSZ.s:44     .text.HardFault_Handler:0000000000000000 $t
/var/folders/bp/hbn4m0qx5z54srgsq53w67zh0000gr/T//ccxFoxSZ.s:51     .text.HardFault_Handler:0000000000000000 HardFault_Handler
/var/folders/bp/hbn4m0qx5z54srgsq53w67zh0000gr/T//ccxFoxSZ.s:68     .text.MemManage_Handler:0000000000000000 $t
/var/folders/bp/hbn4m0qx5z54srgsq53w67zh0000gr/T//ccxFoxSZ.s:75     .text.MemManage_Handler:0000000000000000 MemManage_Handler
/var/folders/bp/hbn4m0qx5z54srgsq53w67zh0000gr/T//ccxFoxSZ.s:92     .text.BusFault_Handler:0000000000000000 $t
/var/folders/bp/hbn4m0qx5z54srgsq53w67zh0000gr/T//ccxFoxSZ.s:99     .text.BusFault_Handler:0000000000000000 BusFault_Handler
/var/folders/bp/hbn4m0qx5z54srgsq53w67zh0000gr/T//ccxFoxSZ.s:116    .text.UsageFault_Handler:0000000000000000 $t
/var/folders/bp/hbn4m0qx5z54srgsq53w67zh0000gr/T//ccxFoxSZ.s:123    .text.UsageFault_Handler:0000000000000000 UsageFault_Handler
/var/folders/bp/hbn4m0qx5z54srgsq53w67zh0000gr/T//ccxFoxSZ.s:140    .text.DebugMon_Handler:0000000000000000 $t
/var/folders/bp/hbn4m0qx5z54srgsq53w67zh0000gr/T//ccxFoxSZ.s:147    .text.DebugMon_Handler:0000000000000000 DebugMon_Handler
/var/folders/bp/hbn4m0qx5z54srgsq53w67zh0000gr/T//ccxFoxSZ.s:160    .text.SysTick_Handler:0000000000000000 $t
/var/folders/bp/hbn4m0qx5z54srgsq53w67zh0000gr/T//ccxFoxSZ.s:167    .text.SysTick_Handler:0000000000000000 SysTick_Handler

UNDEFINED SYMBOLS
HAL_IncTick
xTaskGetSchedulerState
xPortSysTickHandler
