ARM GAS  /var/folders/bp/hbn4m0qx5z54srgsq53w67zh0000gr/T//ccC6hJ4N.s 			page 1


   1              		.cpu cortex-m4
   2              		.eabi_attribute 27, 1
   3              		.eabi_attribute 28, 1
   4              		.eabi_attribute 20, 1
   5              		.eabi_attribute 21, 1
   6              		.eabi_attribute 23, 3
   7              		.eabi_attribute 24, 1
   8              		.eabi_attribute 25, 1
   9              		.eabi_attribute 26, 1
  10              		.eabi_attribute 30, 1
  11              		.eabi_attribute 34, 1
  12              		.eabi_attribute 18, 4
  13              		.file	"stm32f3xx_hal_msp.c"
  14              		.text
  15              	.Ltext0:
  16              		.cfi_sections	.debug_frame
  17              		.section	.text.HAL_MspInit,"ax",%progbits
  18              		.align	1
  19              		.global	HAL_MspInit
  20              		.arch armv7e-m
  21              		.syntax unified
  22              		.thumb
  23              		.thumb_func
  24              		.fpu fpv4-sp-d16
  26              	HAL_MspInit:
  27              	.LFB123:
  28              		.file 1 "Core/Src/stm32f3xx_hal_msp.c"
   1:Core/Src/stm32f3xx_hal_msp.c **** /* USER CODE BEGIN Header */
   2:Core/Src/stm32f3xx_hal_msp.c **** /**
   3:Core/Src/stm32f3xx_hal_msp.c ****   ******************************************************************************
   4:Core/Src/stm32f3xx_hal_msp.c ****   * @file         stm32f3xx_hal_msp.c
   5:Core/Src/stm32f3xx_hal_msp.c ****   * @brief        This file provides code for the MSP Initialization
   6:Core/Src/stm32f3xx_hal_msp.c ****   *               and de-Initialization codes.
   7:Core/Src/stm32f3xx_hal_msp.c ****   ******************************************************************************
   8:Core/Src/stm32f3xx_hal_msp.c ****   * @attention
   9:Core/Src/stm32f3xx_hal_msp.c ****   *
  10:Core/Src/stm32f3xx_hal_msp.c ****   * Copyright (c) 2023 STMicroelectronics.
  11:Core/Src/stm32f3xx_hal_msp.c ****   * All rights reserved.
  12:Core/Src/stm32f3xx_hal_msp.c ****   *
  13:Core/Src/stm32f3xx_hal_msp.c ****   * This software is licensed under terms that can be found in the LICENSE file
  14:Core/Src/stm32f3xx_hal_msp.c ****   * in the root directory of this software component.
  15:Core/Src/stm32f3xx_hal_msp.c ****   * If no LICENSE file comes with this software, it is provided AS-IS.
  16:Core/Src/stm32f3xx_hal_msp.c ****   *
  17:Core/Src/stm32f3xx_hal_msp.c ****   ******************************************************************************
  18:Core/Src/stm32f3xx_hal_msp.c ****   */
  19:Core/Src/stm32f3xx_hal_msp.c **** /* USER CODE END Header */
  20:Core/Src/stm32f3xx_hal_msp.c **** 
  21:Core/Src/stm32f3xx_hal_msp.c **** /* Includes ------------------------------------------------------------------*/
  22:Core/Src/stm32f3xx_hal_msp.c **** #include "main.h"
  23:Core/Src/stm32f3xx_hal_msp.c **** /* USER CODE BEGIN Includes */
  24:Core/Src/stm32f3xx_hal_msp.c **** 
  25:Core/Src/stm32f3xx_hal_msp.c **** /* USER CODE END Includes */
  26:Core/Src/stm32f3xx_hal_msp.c **** 
  27:Core/Src/stm32f3xx_hal_msp.c **** /* Private typedef -----------------------------------------------------------*/
  28:Core/Src/stm32f3xx_hal_msp.c **** /* USER CODE BEGIN TD */
  29:Core/Src/stm32f3xx_hal_msp.c **** 
  30:Core/Src/stm32f3xx_hal_msp.c **** /* USER CODE END TD */
ARM GAS  /var/folders/bp/hbn4m0qx5z54srgsq53w67zh0000gr/T//ccC6hJ4N.s 			page 2


  31:Core/Src/stm32f3xx_hal_msp.c **** 
  32:Core/Src/stm32f3xx_hal_msp.c **** /* Private define ------------------------------------------------------------*/
  33:Core/Src/stm32f3xx_hal_msp.c **** /* USER CODE BEGIN Define */
  34:Core/Src/stm32f3xx_hal_msp.c **** 
  35:Core/Src/stm32f3xx_hal_msp.c **** /* USER CODE END Define */
  36:Core/Src/stm32f3xx_hal_msp.c **** 
  37:Core/Src/stm32f3xx_hal_msp.c **** /* Private macro -------------------------------------------------------------*/
  38:Core/Src/stm32f3xx_hal_msp.c **** /* USER CODE BEGIN Macro */
  39:Core/Src/stm32f3xx_hal_msp.c **** 
  40:Core/Src/stm32f3xx_hal_msp.c **** /* USER CODE END Macro */
  41:Core/Src/stm32f3xx_hal_msp.c **** 
  42:Core/Src/stm32f3xx_hal_msp.c **** /* Private variables ---------------------------------------------------------*/
  43:Core/Src/stm32f3xx_hal_msp.c **** /* USER CODE BEGIN PV */
  44:Core/Src/stm32f3xx_hal_msp.c **** 
  45:Core/Src/stm32f3xx_hal_msp.c **** /* USER CODE END PV */
  46:Core/Src/stm32f3xx_hal_msp.c **** 
  47:Core/Src/stm32f3xx_hal_msp.c **** /* Private function prototypes -----------------------------------------------*/
  48:Core/Src/stm32f3xx_hal_msp.c **** /* USER CODE BEGIN PFP */
  49:Core/Src/stm32f3xx_hal_msp.c **** 
  50:Core/Src/stm32f3xx_hal_msp.c **** /* USER CODE END PFP */
  51:Core/Src/stm32f3xx_hal_msp.c **** 
  52:Core/Src/stm32f3xx_hal_msp.c **** /* External functions --------------------------------------------------------*/
  53:Core/Src/stm32f3xx_hal_msp.c **** /* USER CODE BEGIN ExternalFunctions */
  54:Core/Src/stm32f3xx_hal_msp.c **** 
  55:Core/Src/stm32f3xx_hal_msp.c **** /* USER CODE END ExternalFunctions */
  56:Core/Src/stm32f3xx_hal_msp.c **** 
  57:Core/Src/stm32f3xx_hal_msp.c **** /* USER CODE BEGIN 0 */
  58:Core/Src/stm32f3xx_hal_msp.c **** 
  59:Core/Src/stm32f3xx_hal_msp.c **** /* USER CODE END 0 */
  60:Core/Src/stm32f3xx_hal_msp.c **** /**
  61:Core/Src/stm32f3xx_hal_msp.c ****   * Initializes the Global MSP.
  62:Core/Src/stm32f3xx_hal_msp.c ****   */
  63:Core/Src/stm32f3xx_hal_msp.c **** void HAL_MspInit(void)
  64:Core/Src/stm32f3xx_hal_msp.c **** {
  29              		.loc 1 64 1 view -0
  30              		.cfi_startproc
  31              		@ args = 0, pretend = 0, frame = 8
  32              		@ frame_needed = 0, uses_anonymous_args = 0
  33 0000 00B5     		push	{lr}
  34              	.LCFI0:
  35              		.cfi_def_cfa_offset 4
  36              		.cfi_offset 14, -4
  37 0002 83B0     		sub	sp, sp, #12
  38              	.LCFI1:
  39              		.cfi_def_cfa_offset 16
  65:Core/Src/stm32f3xx_hal_msp.c ****   /* USER CODE BEGIN MspInit 0 */
  66:Core/Src/stm32f3xx_hal_msp.c **** 
  67:Core/Src/stm32f3xx_hal_msp.c ****   /* USER CODE END MspInit 0 */
  68:Core/Src/stm32f3xx_hal_msp.c **** 
  69:Core/Src/stm32f3xx_hal_msp.c ****   __HAL_RCC_SYSCFG_CLK_ENABLE();
  40              		.loc 1 69 3 view .LVU1
  41              	.LBB2:
  42              		.loc 1 69 3 view .LVU2
  43              		.loc 1 69 3 view .LVU3
  44 0004 0D4B     		ldr	r3, .L3
  45 0006 9A69     		ldr	r2, [r3, #24]
  46 0008 42F00102 		orr	r2, r2, #1
ARM GAS  /var/folders/bp/hbn4m0qx5z54srgsq53w67zh0000gr/T//ccC6hJ4N.s 			page 3


  47 000c 9A61     		str	r2, [r3, #24]
  48              		.loc 1 69 3 view .LVU4
  49 000e 9A69     		ldr	r2, [r3, #24]
  50 0010 02F00102 		and	r2, r2, #1
  51 0014 0092     		str	r2, [sp]
  52              		.loc 1 69 3 view .LVU5
  53 0016 009A     		ldr	r2, [sp]
  54              	.LBE2:
  55              		.loc 1 69 3 view .LVU6
  70:Core/Src/stm32f3xx_hal_msp.c ****   __HAL_RCC_PWR_CLK_ENABLE();
  56              		.loc 1 70 3 view .LVU7
  57              	.LBB3:
  58              		.loc 1 70 3 view .LVU8
  59              		.loc 1 70 3 view .LVU9
  60 0018 DA69     		ldr	r2, [r3, #28]
  61 001a 42F08052 		orr	r2, r2, #268435456
  62 001e DA61     		str	r2, [r3, #28]
  63              		.loc 1 70 3 view .LVU10
  64 0020 DB69     		ldr	r3, [r3, #28]
  65 0022 03F08053 		and	r3, r3, #268435456
  66 0026 0193     		str	r3, [sp, #4]
  67              		.loc 1 70 3 view .LVU11
  68 0028 019B     		ldr	r3, [sp, #4]
  69              	.LBE3:
  70              		.loc 1 70 3 view .LVU12
  71:Core/Src/stm32f3xx_hal_msp.c **** 
  72:Core/Src/stm32f3xx_hal_msp.c ****   /* System interrupt init*/
  73:Core/Src/stm32f3xx_hal_msp.c ****   /* PendSV_IRQn interrupt configuration */
  74:Core/Src/stm32f3xx_hal_msp.c ****   HAL_NVIC_SetPriority(PendSV_IRQn, 15, 0);
  71              		.loc 1 74 3 view .LVU13
  72 002a 0022     		movs	r2, #0
  73 002c 0F21     		movs	r1, #15
  74 002e 6FF00100 		mvn	r0, #1
  75 0032 FFF7FEFF 		bl	HAL_NVIC_SetPriority
  76              	.LVL0:
  75:Core/Src/stm32f3xx_hal_msp.c **** 
  76:Core/Src/stm32f3xx_hal_msp.c ****   /* USER CODE BEGIN MspInit 1 */
  77:Core/Src/stm32f3xx_hal_msp.c **** 
  78:Core/Src/stm32f3xx_hal_msp.c ****   /* USER CODE END MspInit 1 */
  79:Core/Src/stm32f3xx_hal_msp.c **** }
  77              		.loc 1 79 1 is_stmt 0 view .LVU14
  78 0036 03B0     		add	sp, sp, #12
  79              	.LCFI2:
  80              		.cfi_def_cfa_offset 4
  81              		@ sp needed
  82 0038 5DF804FB 		ldr	pc, [sp], #4
  83              	.L4:
  84              		.align	2
  85              	.L3:
  86 003c 00100240 		.word	1073876992
  87              		.cfi_endproc
  88              	.LFE123:
  90              		.text
  91              	.Letext0:
  92              		.file 2 "/opt/homebrew/Cellar/arm-none-eabi-gcc/10.3-2021.07/gcc/arm-none-eabi/include/machine/_de
  93              		.file 3 "/opt/homebrew/Cellar/arm-none-eabi-gcc/10.3-2021.07/gcc/arm-none-eabi/include/sys/_stdint
  94              		.file 4 "Drivers/CMSIS/Device/ST/STM32F3xx/Include/stm32f303x8.h"
ARM GAS  /var/folders/bp/hbn4m0qx5z54srgsq53w67zh0000gr/T//ccC6hJ4N.s 			page 4


  95              		.file 5 "Drivers/STM32F3xx_HAL_Driver/Inc/stm32f3xx_hal_cortex.h"
ARM GAS  /var/folders/bp/hbn4m0qx5z54srgsq53w67zh0000gr/T//ccC6hJ4N.s 			page 5


DEFINED SYMBOLS
                            *ABS*:0000000000000000 stm32f3xx_hal_msp.c
/var/folders/bp/hbn4m0qx5z54srgsq53w67zh0000gr/T//ccC6hJ4N.s:18     .text.HAL_MspInit:0000000000000000 $t
/var/folders/bp/hbn4m0qx5z54srgsq53w67zh0000gr/T//ccC6hJ4N.s:26     .text.HAL_MspInit:0000000000000000 HAL_MspInit
/var/folders/bp/hbn4m0qx5z54srgsq53w67zh0000gr/T//ccC6hJ4N.s:86     .text.HAL_MspInit:000000000000003c $d

UNDEFINED SYMBOLS
HAL_NVIC_SetPriority
